2025-05-23 19:07:59 [main] INFO  : Starting Session23Application using Java 21.0.6 with PID 1560 (D:\GA\TF-FRE-246E108\Java\SourceCode\Session23\build\classes\java\main started by light in D:\GA\TF-FRE-246E108\Java\SourceCode\Session23)
2025-05-23 19:07:59 [main] INFO  : No active profile set, falling back to 1 default profile: "default"
2025-05-23 19:07:59 [main] INFO  : Bootstrapping Spring Data JPA repositories in DEFAULT mode.
2025-05-23 19:08:00 [main] INFO  : Finished Spring Data repository scanning in 75 ms. Found 1 JPA repository interface.
2025-05-23 19:08:00 [main] INFO  : Tomcat initialized with port 8181 (http)
2025-05-23 19:08:00 [main] INFO  : Initializing ProtocolHandler ["http-nio-8181"]
2025-05-23 19:08:00 [main] INFO  : Starting service [Tomcat]
2025-05-23 19:08:00 [main] INFO  : Starting Servlet engine: [Apache Tomcat/10.1.41]
2025-05-23 19:08:00 [main] INFO  : Initializing Spring embedded WebApplicationContext
2025-05-23 19:08:00 [main] INFO  : Root WebApplicationContext: initialization completed in 1495 ms
2025-05-23 19:08:00 [main] INFO  : HikariPool-1 - Starting...
2025-05-23 19:08:01 [main] INFO  : HikariPool-1 - Added connection com.mysql.cj.jdbc.ConnectionImpl@376b5cb2
2025-05-23 19:08:01 [main] INFO  : HikariPool-1 - Start completed.
2025-05-23 19:08:01 [main] INFO  : HHH000204: Processing PersistenceUnitInfo [name: default]
2025-05-23 19:08:01 [main] INFO  : HHH000412: Hibernate ORM core version 6.6.15.Final
2025-05-23 19:08:01 [main] INFO  : HHH000026: Second-level cache disabled
2025-05-23 19:08:02 [main] INFO  : No LoadTimeWeaver setup: ignoring JPA class transformer
2025-05-23 19:08:02 [main] INFO  : HHH10001005: Database info:
	Database JDBC URL [Connecting through datasource 'HikariDataSource (HikariPool-1)']
	Database driver: undefined/unknown
	Database version: 8.0.20
	Autocommit mode: undefined/unknown
	Isolation level: undefined/unknown
	Minimum pool size: undefined/unknown
	Maximum pool size: undefined/unknown
2025-05-23 19:08:04 [main] INFO  : HHH000489: No JTA platform available (set 'hibernate.transaction.jta.platform' to enable JTA platform integration)
2025-05-23 19:08:04 [main] INFO  : Initialized JPA EntityManagerFactory for persistence unit 'default'
2025-05-23 19:08:04 [main] WARN  : spring.jpa.open-in-view is enabled by default. Therefore, database queries may be performed during view rendering. Explicitly configure spring.jpa.open-in-view to disable this warning
2025-05-23 19:08:05 [main] INFO  : Starting ProtocolHandler ["http-nio-8181"]
2025-05-23 19:08:05 [main] INFO  : Tomcat started on port 8181 (http) with context path '/'
2025-05-23 19:08:05 [main] INFO  : Started Session23Application in 6.95 seconds (process running for 8.383)
2025-05-23 19:08:18 [http-nio-8181-exec-1] INFO  : Initializing Spring DispatcherServlet 'dispatcherServlet'
2025-05-23 19:08:18 [http-nio-8181-exec-1] INFO  : Initializing Servlet 'dispatcherServlet'
2025-05-23 19:08:18 [http-nio-8181-exec-1] INFO  : Completed initialization in 1 ms
2025-05-23 19:08:18 [http-nio-8181-exec-1] INFO  : [START] BookApi get
2025-05-23 19:08:18 [http-nio-8181-exec-1] INFO  : [START] BookServiceImpl findAll
2025-05-23 19:08:19 [http-nio-8181-exec-1] INFO  : [END] BookServiceImpl findAll success [BookResponse(bookId=B001, bookName=Lập trình Java, author=GreenAcademy, categoryName=Danh mục 12, price=450000.0), BookResponse(bookId=B002, bookName=Lập Trình Website, author=GA, categoryName=Danh mục 15, price=150000.0)]
2025-05-23 19:08:19 [http-nio-8181-exec-1] INFO  : [END] BookApi get
2025-05-23 19:20:34 [SpringApplicationShutdownHook] INFO  : Commencing graceful shutdown. Waiting for active requests to complete
2025-05-23 19:20:35 [tomcat-shutdown] INFO  : Graceful shutdown complete
2025-05-23 19:20:35 [SpringApplicationShutdownHook] INFO  : Closing JPA EntityManagerFactory for persistence unit 'default'
2025-05-23 19:20:35 [SpringApplicationShutdownHook] INFO  : HikariPool-1 - Shutdown initiated...
2025-05-23 19:20:35 [SpringApplicationShutdownHook] INFO  : HikariPool-1 - Shutdown completed.
2025-05-23 19:20:46 [main] INFO  : Starting Session23Application using Java 21.0.6 with PID 22276 (D:\GA\TF-FRE-246E108\Java\SourceCode\Session23\build\classes\java\main started by light in D:\GA\TF-FRE-246E108\Java\SourceCode\Session23)
2025-05-23 19:20:46 [main] INFO  : No active profile set, falling back to 1 default profile: "default"
2025-05-23 19:20:47 [main] INFO  : Bootstrapping Spring Data JPA repositories in DEFAULT mode.
2025-05-23 19:20:47 [main] INFO  : Finished Spring Data repository scanning in 65 ms. Found 1 JPA repository interface.
2025-05-23 19:20:48 [main] INFO  : Tomcat initialized with port 8181 (http)
2025-05-23 19:20:48 [main] INFO  : Initializing ProtocolHandler ["http-nio-8181"]
2025-05-23 19:20:48 [main] INFO  : Starting service [Tomcat]
2025-05-23 19:20:48 [main] INFO  : Starting Servlet engine: [Apache Tomcat/10.1.41]
2025-05-23 19:20:48 [main] INFO  : Initializing Spring embedded WebApplicationContext
2025-05-23 19:20:48 [main] INFO  : Root WebApplicationContext: initialization completed in 1897 ms
2025-05-23 19:20:48 [main] INFO  : HikariPool-1 - Starting...
2025-05-23 19:20:49 [main] INFO  : HikariPool-1 - Added connection com.mysql.cj.jdbc.ConnectionImpl@135e49b2
2025-05-23 19:20:49 [main] INFO  : HikariPool-1 - Start completed.
2025-05-23 19:20:49 [main] INFO  : HHH000204: Processing PersistenceUnitInfo [name: default]
2025-05-23 19:20:49 [main] INFO  : HHH000412: Hibernate ORM core version 6.6.15.Final
2025-05-23 19:20:49 [main] INFO  : HHH000026: Second-level cache disabled
2025-05-23 19:20:50 [main] INFO  : No LoadTimeWeaver setup: ignoring JPA class transformer
2025-05-23 19:20:50 [main] INFO  : HHH10001005: Database info:
	Database JDBC URL [Connecting through datasource 'HikariDataSource (HikariPool-1)']
	Database driver: undefined/unknown
	Database version: 8.0.20
	Autocommit mode: undefined/unknown
	Isolation level: undefined/unknown
	Minimum pool size: undefined/unknown
	Maximum pool size: undefined/unknown
2025-05-23 19:20:51 [main] INFO  : HHH000489: No JTA platform available (set 'hibernate.transaction.jta.platform' to enable JTA platform integration)
2025-05-23 19:20:51 [main] INFO  : Initialized JPA EntityManagerFactory for persistence unit 'default'
2025-05-23 19:20:52 [main] WARN  : spring.jpa.open-in-view is enabled by default. Therefore, database queries may be performed during view rendering. Explicitly configure spring.jpa.open-in-view to disable this warning
2025-05-23 19:20:52 [main] INFO  : Starting ProtocolHandler ["http-nio-8181"]
2025-05-23 19:20:52 [main] INFO  : Tomcat started on port 8181 (http) with context path '/'
2025-05-23 19:20:52 [main] INFO  : Started Session23Application in 7.317 seconds (process running for 8.541)
2025-05-23 19:20:58 [http-nio-8181-exec-1] INFO  : Initializing Spring DispatcherServlet 'dispatcherServlet'
2025-05-23 19:20:58 [http-nio-8181-exec-1] INFO  : Initializing Servlet 'dispatcherServlet'
2025-05-23 19:20:58 [http-nio-8181-exec-1] INFO  : Completed initialization in 2 ms
2025-05-23 19:20:58 [http-nio-8181-exec-1] INFO  : [START] BookApi get
2025-05-23 19:20:58 [http-nio-8181-exec-1] INFO  : [START] BookServiceImpl findAll
2025-05-23 19:20:59 [http-nio-8181-exec-1] INFO  : [END] BookServiceImpl findAll success [BookResponse(bookId=B001, bookName=Lập trình Java, author=GreenAcademy, categoryName=Danh mục 12, price=450000.0), BookResponse(bookId=B002, bookName=Lập Trình Website, author=GA, categoryName=Danh mục 15, price=150000.0)]
2025-05-23 19:20:59 [http-nio-8181-exec-1] INFO  : [EXECUTE] LogAspect executed in 416 ms
2025-05-23 19:20:59 [http-nio-8181-exec-1] INFO  : [END] BookApi get
2025-05-23 19:20:59 [http-nio-8181-exec-1] INFO  : [EXECUTE] LogAspect executed in 421 ms
2025-05-23 19:21:45 [SpringApplicationShutdownHook] INFO  : Commencing graceful shutdown. Waiting for active requests to complete
2025-05-23 19:21:45 [tomcat-shutdown] INFO  : Graceful shutdown complete
2025-05-23 19:21:45 [SpringApplicationShutdownHook] INFO  : Closing JPA EntityManagerFactory for persistence unit 'default'
2025-05-23 19:21:45 [SpringApplicationShutdownHook] INFO  : HikariPool-1 - Shutdown initiated...
2025-05-23 19:21:45 [SpringApplicationShutdownHook] INFO  : HikariPool-1 - Shutdown completed.
2025-05-23 19:21:52 [main] INFO  : Starting Session23Application using Java 21.0.6 with PID 18028 (D:\GA\TF-FRE-246E108\Java\SourceCode\Session23\build\classes\java\main started by light in D:\GA\TF-FRE-246E108\Java\SourceCode\Session23)
2025-05-23 19:21:52 [main] INFO  : No active profile set, falling back to 1 default profile: "default"
2025-05-23 19:21:53 [main] INFO  : Bootstrapping Spring Data JPA repositories in DEFAULT mode.
2025-05-23 19:21:53 [main] INFO  : Finished Spring Data repository scanning in 57 ms. Found 1 JPA repository interface.
2025-05-23 19:21:54 [main] INFO  : Tomcat initialized with port 8181 (http)
2025-05-23 19:21:54 [main] INFO  : Initializing ProtocolHandler ["http-nio-8181"]
2025-05-23 19:21:54 [main] INFO  : Starting service [Tomcat]
2025-05-23 19:21:54 [main] INFO  : Starting Servlet engine: [Apache Tomcat/10.1.41]
2025-05-23 19:21:54 [main] INFO  : Initializing Spring embedded WebApplicationContext
2025-05-23 19:21:54 [main] INFO  : Root WebApplicationContext: initialization completed in 1629 ms
2025-05-23 19:21:54 [main] INFO  : HikariPool-1 - Starting...
2025-05-23 19:21:54 [main] INFO  : HikariPool-1 - Added connection com.mysql.cj.jdbc.ConnectionImpl@1282f784
2025-05-23 19:21:54 [main] INFO  : HikariPool-1 - Start completed.
2025-05-23 19:21:55 [main] INFO  : HHH000204: Processing PersistenceUnitInfo [name: default]
2025-05-23 19:21:55 [main] INFO  : HHH000412: Hibernate ORM core version 6.6.15.Final
2025-05-23 19:21:55 [main] INFO  : HHH000026: Second-level cache disabled
2025-05-23 19:21:55 [main] INFO  : No LoadTimeWeaver setup: ignoring JPA class transformer
2025-05-23 19:21:55 [main] INFO  : HHH10001005: Database info:
	Database JDBC URL [Connecting through datasource 'HikariDataSource (HikariPool-1)']
	Database driver: undefined/unknown
	Database version: 8.0.20
	Autocommit mode: undefined/unknown
	Isolation level: undefined/unknown
	Minimum pool size: undefined/unknown
	Maximum pool size: undefined/unknown
2025-05-23 19:21:58 [main] INFO  : HHH000489: No JTA platform available (set 'hibernate.transaction.jta.platform' to enable JTA platform integration)
2025-05-23 19:21:58 [main] INFO  : Initialized JPA EntityManagerFactory for persistence unit 'default'
2025-05-23 19:21:58 [main] WARN  : spring.jpa.open-in-view is enabled by default. Therefore, database queries may be performed during view rendering. Explicitly configure spring.jpa.open-in-view to disable this warning
2025-05-23 19:21:59 [main] INFO  : Starting ProtocolHandler ["http-nio-8181"]
2025-05-23 19:21:59 [main] INFO  : Tomcat started on port 8181 (http) with context path '/'
2025-05-23 19:21:59 [main] INFO  : Started Session23Application in 7.912 seconds (process running for 9.021)
2025-05-23 19:22:18 [http-nio-8181-exec-2] INFO  : Initializing Spring DispatcherServlet 'dispatcherServlet'
2025-05-23 19:22:18 [http-nio-8181-exec-2] INFO  : Initializing Servlet 'dispatcherServlet'
2025-05-23 19:22:18 [http-nio-8181-exec-2] INFO  : Completed initialization in 2 ms
2025-05-23 19:22:18 [http-nio-8181-exec-2] INFO  : [START] BookApi get
2025-05-23 19:22:18 [http-nio-8181-exec-2] INFO  : [START] BookServiceImpl findAll
2025-05-23 19:22:18 [http-nio-8181-exec-2] INFO  : [END] BookServiceImpl findAll success [BookResponse(bookId=B001, bookName=Lập trình Java, author=GreenAcademy, categoryName=Danh mục 12, price=450000.0), BookResponse(bookId=B002, bookName=Lập Trình Website, author=GA, categoryName=Danh mục 15, price=150000.0)]
2025-05-23 19:22:18 [http-nio-8181-exec-2] INFO  : [EXECUTE] LogAspect findAll executed in 450 ms
2025-05-23 19:22:18 [http-nio-8181-exec-2] INFO  : [END] BookApi get
2025-05-23 19:22:18 [http-nio-8181-exec-2] INFO  : [EXECUTE] LogAspect get executed in 463 ms
2025-05-23 19:22:55 [SpringApplicationShutdownHook] INFO  : Commencing graceful shutdown. Waiting for active requests to complete
2025-05-23 19:22:55 [tomcat-shutdown] INFO  : Graceful shutdown complete
2025-05-23 19:22:55 [SpringApplicationShutdownHook] INFO  : Closing JPA EntityManagerFactory for persistence unit 'default'
2025-05-23 19:22:55 [SpringApplicationShutdownHook] INFO  : HikariPool-1 - Shutdown initiated...
2025-05-23 19:22:55 [SpringApplicationShutdownHook] INFO  : HikariPool-1 - Shutdown completed.
2025-05-23 19:23:01 [main] INFO  : Starting Session23Application using Java 21.0.6 with PID 7360 (D:\GA\TF-FRE-246E108\Java\SourceCode\Session23\build\classes\java\main started by light in D:\GA\TF-FRE-246E108\Java\SourceCode\Session23)
2025-05-23 19:23:01 [main] INFO  : No active profile set, falling back to 1 default profile: "default"
2025-05-23 19:23:02 [main] INFO  : Bootstrapping Spring Data JPA repositories in DEFAULT mode.
2025-05-23 19:23:02 [main] INFO  : Finished Spring Data repository scanning in 65 ms. Found 1 JPA repository interface.
2025-05-23 19:23:03 [main] INFO  : Tomcat initialized with port 8181 (http)
2025-05-23 19:23:03 [main] INFO  : Initializing ProtocolHandler ["http-nio-8181"]
2025-05-23 19:23:03 [main] INFO  : Starting service [Tomcat]
2025-05-23 19:23:03 [main] INFO  : Starting Servlet engine: [Apache Tomcat/10.1.41]
2025-05-23 19:23:03 [main] INFO  : Initializing Spring embedded WebApplicationContext
2025-05-23 19:23:03 [main] INFO  : Root WebApplicationContext: initialization completed in 1571 ms
2025-05-23 19:23:03 [main] INFO  : HikariPool-1 - Starting...
2025-05-23 19:23:04 [main] INFO  : HikariPool-1 - Added connection com.mysql.cj.jdbc.ConnectionImpl@7ea07516
2025-05-23 19:23:04 [main] INFO  : HikariPool-1 - Start completed.
2025-05-23 19:23:04 [main] INFO  : HHH000204: Processing PersistenceUnitInfo [name: default]
2025-05-23 19:23:04 [main] INFO  : HHH000412: Hibernate ORM core version 6.6.15.Final
2025-05-23 19:23:04 [main] INFO  : HHH000026: Second-level cache disabled
2025-05-23 19:23:04 [main] INFO  : No LoadTimeWeaver setup: ignoring JPA class transformer
2025-05-23 19:23:04 [main] INFO  : HHH10001005: Database info:
	Database JDBC URL [Connecting through datasource 'HikariDataSource (HikariPool-1)']
	Database driver: undefined/unknown
	Database version: 8.0.20
	Autocommit mode: undefined/unknown
	Isolation level: undefined/unknown
	Minimum pool size: undefined/unknown
	Maximum pool size: undefined/unknown
2025-05-23 19:23:06 [main] INFO  : HHH000489: No JTA platform available (set 'hibernate.transaction.jta.platform' to enable JTA platform integration)
2025-05-23 19:23:06 [main] INFO  : Initialized JPA EntityManagerFactory for persistence unit 'default'
2025-05-23 19:23:06 [main] WARN  : spring.jpa.open-in-view is enabled by default. Therefore, database queries may be performed during view rendering. Explicitly configure spring.jpa.open-in-view to disable this warning
2025-05-23 19:23:06 [main] INFO  : Starting ProtocolHandler ["http-nio-8181"]
2025-05-23 19:23:06 [main] INFO  : Tomcat started on port 8181 (http) with context path '/'
2025-05-23 19:23:06 [main] INFO  : Started Session23Application in 6.284 seconds (process running for 7.795)
2025-05-23 19:23:12 [http-nio-8181-exec-2] INFO  : Initializing Spring DispatcherServlet 'dispatcherServlet'
2025-05-23 19:23:12 [http-nio-8181-exec-2] INFO  : Initializing Servlet 'dispatcherServlet'
2025-05-23 19:23:12 [http-nio-8181-exec-2] INFO  : Completed initialization in 1 ms
2025-05-23 19:23:12 [http-nio-8181-exec-2] INFO  : [START] BookApi get
2025-05-23 19:23:12 [http-nio-8181-exec-2] INFO  : [START] BookServiceImpl findAll
2025-05-23 19:23:13 [http-nio-8181-exec-2] INFO  : [END] BookServiceImpl findAll success [BookResponse(bookId=B001, bookName=Lập trình Java, author=GreenAcademy, categoryName=Danh mục 12, price=450000.0), BookResponse(bookId=B002, bookName=Lập Trình Website, author=GA, categoryName=Danh mục 15, price=150000.0)]
2025-05-23 19:23:13 [http-nio-8181-exec-2] INFO  : [EXECUTE] LogAspect com.greenacademy.service.impl.BookServiceImpl.findAll executed in 392 ms
2025-05-23 19:23:13 [http-nio-8181-exec-2] INFO  : [END] BookApi get
2025-05-23 19:23:13 [http-nio-8181-exec-2] INFO  : [EXECUTE] LogAspect com.greenacademy.api.BookApi.get executed in 400 ms
2025-05-23 19:47:42 [SpringApplicationShutdownHook] INFO  : Commencing graceful shutdown. Waiting for active requests to complete
2025-05-23 19:47:42 [tomcat-shutdown] INFO  : Graceful shutdown complete
2025-05-23 19:47:42 [SpringApplicationShutdownHook] INFO  : Closing JPA EntityManagerFactory for persistence unit 'default'
2025-05-23 19:47:42 [SpringApplicationShutdownHook] INFO  : HikariPool-1 - Shutdown initiated...
2025-05-23 19:47:42 [SpringApplicationShutdownHook] INFO  : HikariPool-1 - Shutdown completed.
2025-05-23 19:47:54 [main] INFO  : Starting Session23Application using Java 21.0.6 with PID 13496 (D:\GA\TF-FRE-246E108\Java\SourceCode\Session23\build\classes\java\main started by light in D:\GA\TF-FRE-246E108\Java\SourceCode\Session23)
2025-05-23 19:47:54 [main] INFO  : No active profile set, falling back to 1 default profile: "default"
2025-05-23 19:47:54 [main] INFO  : Bootstrapping Spring Data JPA repositories in DEFAULT mode.
2025-05-23 19:47:54 [main] INFO  : Finished Spring Data repository scanning in 53 ms. Found 1 JPA repository interface.
2025-05-23 19:47:55 [main] INFO  : Tomcat initialized with port 8181 (http)
2025-05-23 19:47:55 [main] INFO  : Initializing ProtocolHandler ["http-nio-8181"]
2025-05-23 19:47:55 [main] INFO  : Starting service [Tomcat]
2025-05-23 19:47:55 [main] INFO  : Starting Servlet engine: [Apache Tomcat/10.1.41]
2025-05-23 19:47:55 [main] INFO  : Initializing Spring embedded WebApplicationContext
2025-05-23 19:47:55 [main] INFO  : Root WebApplicationContext: initialization completed in 1522 ms
2025-05-23 19:47:55 [main] INFO  : HikariPool-1 - Starting...
2025-05-23 19:47:56 [main] INFO  : HikariPool-1 - Added connection com.mysql.cj.jdbc.ConnectionImpl@134c38
2025-05-23 19:47:56 [main] INFO  : HikariPool-1 - Start completed.
2025-05-23 19:47:56 [main] INFO  : HHH000204: Processing PersistenceUnitInfo [name: default]
2025-05-23 19:47:56 [main] INFO  : HHH000412: Hibernate ORM core version 6.6.15.Final
2025-05-23 19:47:56 [main] INFO  : HHH000026: Second-level cache disabled
2025-05-23 19:47:57 [main] INFO  : No LoadTimeWeaver setup: ignoring JPA class transformer
2025-05-23 19:47:57 [main] INFO  : HHH10001005: Database info:
	Database JDBC URL [Connecting through datasource 'HikariDataSource (HikariPool-1)']
	Database driver: undefined/unknown
	Database version: 8.0.20
	Autocommit mode: undefined/unknown
	Isolation level: undefined/unknown
	Minimum pool size: undefined/unknown
	Maximum pool size: undefined/unknown
2025-05-23 19:47:58 [main] INFO  : HHH000489: No JTA platform available (set 'hibernate.transaction.jta.platform' to enable JTA platform integration)
2025-05-23 19:47:58 [main] INFO  : Initialized JPA EntityManagerFactory for persistence unit 'default'
2025-05-23 19:47:58 [main] WARN  : Exception encountered during context initialization - cancelling refresh attempt: org.springframework.beans.factory.BeanCreationException: Error creating bean with name 'errorMessageLoader' defined in file [D:\GA\TF-FRE-246E108\Java\SourceCode\Session23\build\classes\java\main\com\greenacademy\exception\ErrorMessageLoader.class]: Failed to instantiate [com.greenacademy.exception.ErrorMessageLoader$$SpringCGLIB$$0]: Constructor threw exception
2025-05-23 19:47:58 [main] INFO  : Closing JPA EntityManagerFactory for persistence unit 'default'
2025-05-23 19:47:58 [main] INFO  : HikariPool-1 - Shutdown initiated...
2025-05-23 19:47:58 [main] INFO  : HikariPool-1 - Shutdown completed.
2025-05-23 19:47:58 [main] INFO  : Stopping service [Tomcat]
2025-05-23 19:47:58 [main] INFO  : 

Error starting ApplicationContext. To display the condition evaluation report re-run your application with 'debug' enabled.
2025-05-23 19:47:58 [main] ERROR : Application run failed
org.springframework.beans.factory.BeanCreationException: Error creating bean with name 'errorMessageLoader' defined in file [D:\GA\TF-FRE-246E108\Java\SourceCode\Session23\build\classes\java\main\com\greenacademy\exception\ErrorMessageLoader.class]: Failed to instantiate [com.greenacademy.exception.ErrorMessageLoader$$SpringCGLIB$$0]: Constructor threw exception
	at org.springframework.beans.factory.support.AbstractAutowireCapableBeanFactory.instantiateBean(AbstractAutowireCapableBeanFactory.java:1357)
	at org.springframework.beans.factory.support.AbstractAutowireCapableBeanFactory.createBeanInstance(AbstractAutowireCapableBeanFactory.java:1242)
	at org.springframework.beans.factory.support.AbstractAutowireCapableBeanFactory.doCreateBean(AbstractAutowireCapableBeanFactory.java:569)
	at org.springframework.beans.factory.support.AbstractAutowireCapableBeanFactory.createBean(AbstractAutowireCapableBeanFactory.java:529)
	at org.springframework.beans.factory.support.AbstractBeanFactory.lambda$doGetBean$0(AbstractBeanFactory.java:339)
	at org.springframework.beans.factory.support.DefaultSingletonBeanRegistry.getSingleton(DefaultSingletonBeanRegistry.java:373)
	at org.springframework.beans.factory.support.AbstractBeanFactory.doGetBean(AbstractBeanFactory.java:337)
	at org.springframework.beans.factory.support.AbstractBeanFactory.getBean(AbstractBeanFactory.java:202)
	at org.springframework.beans.factory.support.DefaultListableBeanFactory.instantiateSingleton(DefaultListableBeanFactory.java:1222)
	at org.springframework.beans.factory.support.DefaultListableBeanFactory.preInstantiateSingleton(DefaultListableBeanFactory.java:1188)
	at org.springframework.beans.factory.support.DefaultListableBeanFactory.preInstantiateSingletons(DefaultListableBeanFactory.java:1123)
	at org.springframework.context.support.AbstractApplicationContext.finishBeanFactoryInitialization(AbstractApplicationContext.java:987)
	at org.springframework.context.support.AbstractApplicationContext.refresh(AbstractApplicationContext.java:627)
	at org.springframework.boot.web.servlet.context.ServletWebServerApplicationContext.refresh(ServletWebServerApplicationContext.java:146)
	at org.springframework.boot.SpringApplication.refresh(SpringApplication.java:753)
	at org.springframework.boot.SpringApplication.refreshContext(SpringApplication.java:439)
	at org.springframework.boot.SpringApplication.run(SpringApplication.java:318)
	at org.springframework.boot.SpringApplication.run(SpringApplication.java:1362)
	at org.springframework.boot.SpringApplication.run(SpringApplication.java:1351)
	at com.greenacademy.Session23Application.main(Session23Application.java:10)
Caused by: org.springframework.beans.BeanInstantiationException: Failed to instantiate [com.greenacademy.exception.ErrorMessageLoader$$SpringCGLIB$$0]: Constructor threw exception
	at org.springframework.beans.BeanUtils.instantiateClass(BeanUtils.java:222)
	at org.springframework.beans.factory.support.SimpleInstantiationStrategy.instantiate(SimpleInstantiationStrategy.java:122)
	at org.springframework.beans.factory.support.AbstractAutowireCapableBeanFactory.instantiateBean(AbstractAutowireCapableBeanFactory.java:1351)
	... 19 common frames omitted
Caused by: java.lang.NullPointerException: Cannot invoke "java.lang.ClassLoader.getResourceAsStream(String)" because the return value of "java.lang.Class.getClassLoader()" is null
	at com.greenacademy.exception.ErrorMessageLoader.loadErrorMessages(ErrorMessageLoader.java:23)
	at com.greenacademy.exception.ErrorMessageLoader.<init>(ErrorMessageLoader.java:19)
	at com.greenacademy.exception.ErrorMessageLoader$$SpringCGLIB$$0.<init>(<generated>)
	at java.base/jdk.internal.reflect.DirectConstructorHandleAccessor.newInstance(DirectConstructorHandleAccessor.java:62)
	at java.base/java.lang.reflect.Constructor.newInstanceWithCaller(Constructor.java:502)
	at java.base/java.lang.reflect.Constructor.newInstance(Constructor.java:486)
	at org.springframework.beans.BeanUtils.instantiateClass(BeanUtils.java:196)
	... 21 common frames omitted
2025-05-23 19:49:01 [main] INFO  : Starting Session23Application using Java 21.0.6 with PID 17972 (D:\GA\TF-FRE-246E108\Java\SourceCode\Session23\build\classes\java\main started by light in D:\GA\TF-FRE-246E108\Java\SourceCode\Session23)
2025-05-23 19:49:01 [main] INFO  : No active profile set, falling back to 1 default profile: "default"
2025-05-23 19:49:02 [main] INFO  : Bootstrapping Spring Data JPA repositories in DEFAULT mode.
2025-05-23 19:49:02 [main] INFO  : Finished Spring Data repository scanning in 55 ms. Found 1 JPA repository interface.
2025-05-23 19:49:03 [main] INFO  : Tomcat initialized with port 8181 (http)
2025-05-23 19:49:03 [main] INFO  : Initializing ProtocolHandler ["http-nio-8181"]
2025-05-23 19:49:03 [main] INFO  : Starting service [Tomcat]
2025-05-23 19:49:03 [main] INFO  : Starting Servlet engine: [Apache Tomcat/10.1.41]
2025-05-23 19:49:03 [main] INFO  : Initializing Spring embedded WebApplicationContext
2025-05-23 19:49:03 [main] INFO  : Root WebApplicationContext: initialization completed in 1617 ms
2025-05-23 19:49:03 [main] INFO  : HikariPool-1 - Starting...
2025-05-23 19:49:04 [main] INFO  : HikariPool-1 - Added connection com.mysql.cj.jdbc.ConnectionImpl@77a2688d
2025-05-23 19:49:04 [main] INFO  : HikariPool-1 - Start completed.
2025-05-23 19:49:04 [main] INFO  : HHH000204: Processing PersistenceUnitInfo [name: default]
2025-05-23 19:49:04 [main] INFO  : HHH000412: Hibernate ORM core version 6.6.15.Final
2025-05-23 19:49:04 [main] INFO  : HHH000026: Second-level cache disabled
2025-05-23 19:49:04 [main] INFO  : No LoadTimeWeaver setup: ignoring JPA class transformer
2025-05-23 19:49:04 [main] INFO  : HHH10001005: Database info:
	Database JDBC URL [Connecting through datasource 'HikariDataSource (HikariPool-1)']
	Database driver: undefined/unknown
	Database version: 8.0.20
	Autocommit mode: undefined/unknown
	Isolation level: undefined/unknown
	Minimum pool size: undefined/unknown
	Maximum pool size: undefined/unknown
2025-05-23 19:49:06 [main] INFO  : HHH000489: No JTA platform available (set 'hibernate.transaction.jta.platform' to enable JTA platform integration)
2025-05-23 19:49:06 [main] INFO  : Initialized JPA EntityManagerFactory for persistence unit 'default'
2025-05-23 19:49:06 [main] WARN  : spring.jpa.open-in-view is enabled by default. Therefore, database queries may be performed during view rendering. Explicitly configure spring.jpa.open-in-view to disable this warning
2025-05-23 19:49:06 [main] INFO  : Starting ProtocolHandler ["http-nio-8181"]
2025-05-23 19:49:06 [main] INFO  : Tomcat started on port 8181 (http) with context path '/'
2025-05-23 19:49:06 [main] INFO  : Started Session23Application in 5.997 seconds (process running for 6.969)
2025-05-23 19:49:22 [http-nio-8181-exec-2] INFO  : Initializing Spring DispatcherServlet 'dispatcherServlet'
2025-05-23 19:49:22 [http-nio-8181-exec-2] INFO  : Initializing Servlet 'dispatcherServlet'
2025-05-23 19:49:22 [http-nio-8181-exec-2] INFO  : Completed initialization in 3 ms
2025-05-23 19:53:35 [SpringApplicationShutdownHook] INFO  : Commencing graceful shutdown. Waiting for active requests to complete
2025-05-23 19:53:35 [tomcat-shutdown] INFO  : Graceful shutdown complete
2025-05-23 19:53:35 [SpringApplicationShutdownHook] INFO  : Closing JPA EntityManagerFactory for persistence unit 'default'
2025-05-23 19:53:35 [SpringApplicationShutdownHook] INFO  : HikariPool-1 - Shutdown initiated...
2025-05-23 19:53:35 [SpringApplicationShutdownHook] INFO  : HikariPool-1 - Shutdown completed.
2025-05-23 19:53:44 [main] INFO  : Starting Session23Application using Java 21.0.6 with PID 10520 (D:\GA\TF-FRE-246E108\Java\SourceCode\Session23\build\classes\java\main started by light in D:\GA\TF-FRE-246E108\Java\SourceCode\Session23)
2025-05-23 19:53:44 [main] INFO  : No active profile set, falling back to 1 default profile: "default"
2025-05-23 19:53:45 [main] INFO  : Bootstrapping Spring Data JPA repositories in DEFAULT mode.
2025-05-23 19:53:45 [main] INFO  : Finished Spring Data repository scanning in 62 ms. Found 1 JPA repository interface.
2025-05-23 19:53:46 [main] INFO  : Tomcat initialized with port 8181 (http)
2025-05-23 19:53:46 [main] INFO  : Initializing ProtocolHandler ["http-nio-8181"]
2025-05-23 19:53:46 [main] INFO  : Starting service [Tomcat]
2025-05-23 19:53:46 [main] INFO  : Starting Servlet engine: [Apache Tomcat/10.1.41]
2025-05-23 19:53:46 [main] INFO  : Initializing Spring embedded WebApplicationContext
2025-05-23 19:53:46 [main] INFO  : Root WebApplicationContext: initialization completed in 1672 ms
2025-05-23 19:53:46 [main] INFO  : HikariPool-1 - Starting...
2025-05-23 19:53:46 [main] INFO  : HikariPool-1 - Added connection com.mysql.cj.jdbc.ConnectionImpl@1aed6f0b
2025-05-23 19:53:46 [main] INFO  : HikariPool-1 - Start completed.
2025-05-23 19:53:47 [main] INFO  : HHH000204: Processing PersistenceUnitInfo [name: default]
2025-05-23 19:53:47 [main] INFO  : HHH000412: Hibernate ORM core version 6.6.15.Final
2025-05-23 19:53:47 [main] INFO  : HHH000026: Second-level cache disabled
2025-05-23 19:53:47 [main] INFO  : No LoadTimeWeaver setup: ignoring JPA class transformer
2025-05-23 19:53:47 [main] INFO  : HHH10001005: Database info:
	Database JDBC URL [Connecting through datasource 'HikariDataSource (HikariPool-1)']
	Database driver: undefined/unknown
	Database version: 8.0.20
	Autocommit mode: undefined/unknown
	Isolation level: undefined/unknown
	Minimum pool size: undefined/unknown
	Maximum pool size: undefined/unknown
2025-05-23 19:53:49 [main] INFO  : HHH000489: No JTA platform available (set 'hibernate.transaction.jta.platform' to enable JTA platform integration)
2025-05-23 19:53:49 [main] INFO  : Initialized JPA EntityManagerFactory for persistence unit 'default'
2025-05-23 19:53:49 [main] WARN  : spring.jpa.open-in-view is enabled by default. Therefore, database queries may be performed during view rendering. Explicitly configure spring.jpa.open-in-view to disable this warning
2025-05-23 19:53:49 [main] INFO  : Starting ProtocolHandler ["http-nio-8181"]
2025-05-23 19:53:49 [main] INFO  : Tomcat started on port 8181 (http) with context path '/'
2025-05-23 19:53:49 [main] INFO  : Started Session23Application in 6.32 seconds (process running for 7.49)
2025-05-23 19:53:53 [http-nio-8181-exec-2] INFO  : Initializing Spring DispatcherServlet 'dispatcherServlet'
2025-05-23 19:53:53 [http-nio-8181-exec-2] INFO  : Initializing Servlet 'dispatcherServlet'
2025-05-23 19:53:53 [http-nio-8181-exec-2] INFO  : Completed initialization in 1 ms
2025-05-23 19:55:50 [SpringApplicationShutdownHook] INFO  : Commencing graceful shutdown. Waiting for active requests to complete
2025-05-23 19:55:50 [tomcat-shutdown] INFO  : Graceful shutdown complete
2025-05-23 19:55:50 [SpringApplicationShutdownHook] INFO  : Closing JPA EntityManagerFactory for persistence unit 'default'
2025-05-23 19:55:50 [SpringApplicationShutdownHook] INFO  : HikariPool-1 - Shutdown initiated...
2025-05-23 19:55:50 [SpringApplicationShutdownHook] INFO  : HikariPool-1 - Shutdown completed.
2025-05-23 19:55:58 [main] INFO  : Starting Session23Application using Java 21.0.6 with PID 17800 (D:\GA\TF-FRE-246E108\Java\SourceCode\Session23\build\classes\java\main started by light in D:\GA\TF-FRE-246E108\Java\SourceCode\Session23)
2025-05-23 19:55:58 [main] INFO  : No active profile set, falling back to 1 default profile: "default"
2025-05-23 19:55:59 [main] INFO  : Bootstrapping Spring Data JPA repositories in DEFAULT mode.
2025-05-23 19:55:59 [main] INFO  : Finished Spring Data repository scanning in 66 ms. Found 1 JPA repository interface.
2025-05-23 19:56:00 [main] INFO  : Tomcat initialized with port 8181 (http)
2025-05-23 19:56:00 [main] INFO  : Initializing ProtocolHandler ["http-nio-8181"]
2025-05-23 19:56:00 [main] INFO  : Starting service [Tomcat]
2025-05-23 19:56:00 [main] INFO  : Starting Servlet engine: [Apache Tomcat/10.1.41]
2025-05-23 19:56:00 [main] INFO  : Initializing Spring embedded WebApplicationContext
2025-05-23 19:56:00 [main] INFO  : Root WebApplicationContext: initialization completed in 1764 ms
2025-05-23 19:56:00 [main] INFO  : HikariPool-1 - Starting...
2025-05-23 19:56:00 [main] INFO  : HikariPool-1 - Added connection com.mysql.cj.jdbc.ConnectionImpl@733fae8
2025-05-23 19:56:00 [main] INFO  : HikariPool-1 - Start completed.
2025-05-23 19:56:01 [main] INFO  : HHH000204: Processing PersistenceUnitInfo [name: default]
2025-05-23 19:56:01 [main] INFO  : HHH000412: Hibernate ORM core version 6.6.15.Final
2025-05-23 19:56:01 [main] INFO  : HHH000026: Second-level cache disabled
2025-05-23 19:56:01 [main] INFO  : No LoadTimeWeaver setup: ignoring JPA class transformer
2025-05-23 19:56:01 [main] INFO  : HHH10001005: Database info:
	Database JDBC URL [Connecting through datasource 'HikariDataSource (HikariPool-1)']
	Database driver: undefined/unknown
	Database version: 8.0.20
	Autocommit mode: undefined/unknown
	Isolation level: undefined/unknown
	Minimum pool size: undefined/unknown
	Maximum pool size: undefined/unknown
2025-05-23 19:56:02 [main] INFO  : HHH000489: No JTA platform available (set 'hibernate.transaction.jta.platform' to enable JTA platform integration)
2025-05-23 19:56:02 [main] INFO  : Initialized JPA EntityManagerFactory for persistence unit 'default'
2025-05-23 19:56:03 [main] WARN  : spring.jpa.open-in-view is enabled by default. Therefore, database queries may be performed during view rendering. Explicitly configure spring.jpa.open-in-view to disable this warning
2025-05-23 19:56:03 [main] INFO  : Starting ProtocolHandler ["http-nio-8181"]
2025-05-23 19:56:03 [main] INFO  : Tomcat started on port 8181 (http) with context path '/'
2025-05-23 19:56:03 [main] INFO  : Started Session23Application in 6.508 seconds (process running for 7.958)
2025-05-23 19:56:10 [http-nio-8181-exec-2] INFO  : Initializing Spring DispatcherServlet 'dispatcherServlet'
2025-05-23 19:56:10 [http-nio-8181-exec-2] INFO  : Initializing Servlet 'dispatcherServlet'
2025-05-23 19:56:10 [http-nio-8181-exec-2] INFO  : Completed initialization in 1 ms
2025-05-23 19:56:30 [SpringApplicationShutdownHook] INFO  : Commencing graceful shutdown. Waiting for active requests to complete
2025-05-23 19:56:30 [tomcat-shutdown] INFO  : Graceful shutdown complete
2025-05-23 19:56:30 [SpringApplicationShutdownHook] INFO  : Closing JPA EntityManagerFactory for persistence unit 'default'
2025-05-23 19:56:30 [SpringApplicationShutdownHook] INFO  : HikariPool-1 - Shutdown initiated...
2025-05-23 19:56:30 [SpringApplicationShutdownHook] INFO  : HikariPool-1 - Shutdown completed.
2025-05-23 19:58:12 [main] INFO  : Starting Session23Application using Java 21.0.6 with PID 21864 (D:\GA\TF-FRE-246E108\Java\SourceCode\Session23\build\classes\java\main started by light in D:\GA\TF-FRE-246E108\Java\SourceCode\Session23)
2025-05-23 19:58:12 [main] INFO  : No active profile set, falling back to 1 default profile: "default"
2025-05-23 19:58:12 [main] INFO  : Bootstrapping Spring Data JPA repositories in DEFAULT mode.
2025-05-23 19:58:12 [main] INFO  : Finished Spring Data repository scanning in 66 ms. Found 1 JPA repository interface.
2025-05-23 19:58:13 [main] INFO  : Tomcat initialized with port 8181 (http)
2025-05-23 19:58:13 [main] INFO  : Initializing ProtocolHandler ["http-nio-8181"]
2025-05-23 19:58:13 [main] INFO  : Starting service [Tomcat]
2025-05-23 19:58:13 [main] INFO  : Starting Servlet engine: [Apache Tomcat/10.1.41]
2025-05-23 19:58:13 [main] INFO  : Initializing Spring embedded WebApplicationContext
2025-05-23 19:58:13 [main] INFO  : Root WebApplicationContext: initialization completed in 1585 ms
2025-05-23 19:58:13 [main] INFO  : HikariPool-1 - Starting...
2025-05-23 19:58:14 [main] INFO  : HikariPool-1 - Added connection com.mysql.cj.jdbc.ConnectionImpl@722b2728
2025-05-23 19:58:14 [main] INFO  : HikariPool-1 - Start completed.
2025-05-23 19:58:14 [main] INFO  : HHH000204: Processing PersistenceUnitInfo [name: default]
2025-05-23 19:58:14 [main] INFO  : HHH000412: Hibernate ORM core version 6.6.15.Final
2025-05-23 19:58:14 [main] INFO  : HHH000026: Second-level cache disabled
2025-05-23 19:58:15 [main] INFO  : No LoadTimeWeaver setup: ignoring JPA class transformer
2025-05-23 19:58:15 [main] INFO  : HHH10001005: Database info:
	Database JDBC URL [Connecting through datasource 'HikariDataSource (HikariPool-1)']
	Database driver: undefined/unknown
	Database version: 8.0.20
	Autocommit mode: undefined/unknown
	Isolation level: undefined/unknown
	Minimum pool size: undefined/unknown
	Maximum pool size: undefined/unknown
2025-05-23 19:58:16 [main] INFO  : HHH000489: No JTA platform available (set 'hibernate.transaction.jta.platform' to enable JTA platform integration)
2025-05-23 19:58:16 [main] INFO  : Initialized JPA EntityManagerFactory for persistence unit 'default'
2025-05-23 19:58:16 [main] WARN  : spring.jpa.open-in-view is enabled by default. Therefore, database queries may be performed during view rendering. Explicitly configure spring.jpa.open-in-view to disable this warning
2025-05-23 19:58:17 [main] INFO  : Starting ProtocolHandler ["http-nio-8181"]
2025-05-23 19:58:17 [main] INFO  : Tomcat started on port 8181 (http) with context path '/'
2025-05-23 19:58:17 [main] INFO  : Started Session23Application in 6.098 seconds (process running for 7.668)
2025-05-23 19:58:21 [http-nio-8181-exec-2] INFO  : Initializing Spring DispatcherServlet 'dispatcherServlet'
2025-05-23 19:58:21 [http-nio-8181-exec-2] INFO  : Initializing Servlet 'dispatcherServlet'
2025-05-23 19:58:21 [http-nio-8181-exec-2] INFO  : Completed initialization in 1 ms
2025-05-23 19:58:41 [SpringApplicationShutdownHook] INFO  : Commencing graceful shutdown. Waiting for active requests to complete
2025-05-23 19:58:41 [tomcat-shutdown] INFO  : Graceful shutdown complete
2025-05-23 19:58:41 [SpringApplicationShutdownHook] INFO  : Closing JPA EntityManagerFactory for persistence unit 'default'
2025-05-23 19:58:41 [SpringApplicationShutdownHook] INFO  : HikariPool-1 - Shutdown initiated...
2025-05-23 19:58:41 [SpringApplicationShutdownHook] INFO  : HikariPool-1 - Shutdown completed.
2025-05-23 19:58:46 [main] INFO  : Starting Session23Application using Java 21.0.6 with PID 2664 (D:\GA\TF-FRE-246E108\Java\SourceCode\Session23\build\classes\java\main started by light in D:\GA\TF-FRE-246E108\Java\SourceCode\Session23)
2025-05-23 19:58:46 [main] INFO  : No active profile set, falling back to 1 default profile: "default"
2025-05-23 19:58:46 [main] INFO  : Bootstrapping Spring Data JPA repositories in DEFAULT mode.
2025-05-23 19:58:46 [main] INFO  : Finished Spring Data repository scanning in 55 ms. Found 1 JPA repository interface.
2025-05-23 19:58:47 [main] INFO  : Tomcat initialized with port 8181 (http)
2025-05-23 19:58:47 [main] INFO  : Initializing ProtocolHandler ["http-nio-8181"]
2025-05-23 19:58:47 [main] INFO  : Starting service [Tomcat]
2025-05-23 19:58:47 [main] INFO  : Starting Servlet engine: [Apache Tomcat/10.1.41]
2025-05-23 19:58:47 [main] INFO  : Initializing Spring embedded WebApplicationContext
2025-05-23 19:58:47 [main] INFO  : Root WebApplicationContext: initialization completed in 1520 ms
2025-05-23 19:58:47 [main] INFO  : HikariPool-1 - Starting...
2025-05-23 19:58:48 [main] INFO  : HikariPool-1 - Added connection com.mysql.cj.jdbc.ConnectionImpl@5f3f3d00
2025-05-23 19:58:48 [main] INFO  : HikariPool-1 - Start completed.
2025-05-23 19:58:48 [main] INFO  : HHH000204: Processing PersistenceUnitInfo [name: default]
2025-05-23 19:58:48 [main] INFO  : HHH000412: Hibernate ORM core version 6.6.15.Final
2025-05-23 19:58:48 [main] INFO  : HHH000026: Second-level cache disabled
2025-05-23 19:58:48 [main] INFO  : No LoadTimeWeaver setup: ignoring JPA class transformer
2025-05-23 19:58:49 [main] INFO  : HHH10001005: Database info:
	Database JDBC URL [Connecting through datasource 'HikariDataSource (HikariPool-1)']
	Database driver: undefined/unknown
	Database version: 8.0.20
	Autocommit mode: undefined/unknown
	Isolation level: undefined/unknown
	Minimum pool size: undefined/unknown
	Maximum pool size: undefined/unknown
2025-05-23 19:58:50 [main] INFO  : HHH000489: No JTA platform available (set 'hibernate.transaction.jta.platform' to enable JTA platform integration)
2025-05-23 19:58:50 [main] INFO  : Initialized JPA EntityManagerFactory for persistence unit 'default'
2025-05-23 19:58:50 [main] WARN  : spring.jpa.open-in-view is enabled by default. Therefore, database queries may be performed during view rendering. Explicitly configure spring.jpa.open-in-view to disable this warning
2025-05-23 19:58:51 [main] INFO  : Starting ProtocolHandler ["http-nio-8181"]
2025-05-23 19:58:51 [main] INFO  : Tomcat started on port 8181 (http) with context path '/'
2025-05-23 19:58:51 [main] INFO  : Started Session23Application in 5.722 seconds (process running for 6.788)
2025-05-23 19:59:01 [http-nio-8181-exec-1] INFO  : Initializing Spring DispatcherServlet 'dispatcherServlet'
2025-05-23 19:59:01 [http-nio-8181-exec-1] INFO  : Initializing Servlet 'dispatcherServlet'
2025-05-23 19:59:01 [http-nio-8181-exec-1] INFO  : Completed initialization in 2 ms
2025-05-23 19:59:35 [SpringApplicationShutdownHook] INFO  : Commencing graceful shutdown. Waiting for active requests to complete
2025-05-23 19:59:35 [tomcat-shutdown] INFO  : Graceful shutdown complete
2025-05-23 19:59:35 [SpringApplicationShutdownHook] INFO  : Closing JPA EntityManagerFactory for persistence unit 'default'
2025-05-23 19:59:35 [SpringApplicationShutdownHook] INFO  : HikariPool-1 - Shutdown initiated...
2025-05-23 19:59:35 [SpringApplicationShutdownHook] INFO  : HikariPool-1 - Shutdown completed.
2025-05-23 19:59:42 [main] INFO  : Starting Session23Application using Java 21.0.6 with PID 22148 (D:\GA\TF-FRE-246E108\Java\SourceCode\Session23\build\classes\java\main started by light in D:\GA\TF-FRE-246E108\Java\SourceCode\Session23)
2025-05-23 19:59:42 [main] INFO  : No active profile set, falling back to 1 default profile: "default"
2025-05-23 19:59:43 [main] INFO  : Bootstrapping Spring Data JPA repositories in DEFAULT mode.
2025-05-23 19:59:43 [main] INFO  : Finished Spring Data repository scanning in 55 ms. Found 1 JPA repository interface.
2025-05-23 19:59:44 [main] INFO  : Tomcat initialized with port 8181 (http)
2025-05-23 19:59:44 [main] INFO  : Initializing ProtocolHandler ["http-nio-8181"]
2025-05-23 19:59:44 [main] INFO  : Starting service [Tomcat]
2025-05-23 19:59:44 [main] INFO  : Starting Servlet engine: [Apache Tomcat/10.1.41]
2025-05-23 19:59:44 [main] INFO  : Initializing Spring embedded WebApplicationContext
2025-05-23 19:59:44 [main] INFO  : Root WebApplicationContext: initialization completed in 1532 ms
2025-05-23 19:59:44 [main] INFO  : HikariPool-1 - Starting...
2025-05-23 19:59:45 [main] INFO  : HikariPool-1 - Added connection com.mysql.cj.jdbc.ConnectionImpl@31d4b3e8
2025-05-23 19:59:45 [main] INFO  : HikariPool-1 - Start completed.
2025-05-23 19:59:45 [main] INFO  : HHH000204: Processing PersistenceUnitInfo [name: default]
2025-05-23 19:59:45 [main] INFO  : HHH000412: Hibernate ORM core version 6.6.15.Final
2025-05-23 19:59:45 [main] INFO  : HHH000026: Second-level cache disabled
2025-05-23 19:59:45 [main] INFO  : No LoadTimeWeaver setup: ignoring JPA class transformer
2025-05-23 19:59:46 [main] INFO  : HHH10001005: Database info:
	Database JDBC URL [Connecting through datasource 'HikariDataSource (HikariPool-1)']
	Database driver: undefined/unknown
	Database version: 8.0.20
	Autocommit mode: undefined/unknown
	Isolation level: undefined/unknown
	Minimum pool size: undefined/unknown
	Maximum pool size: undefined/unknown
2025-05-23 19:59:47 [main] INFO  : HHH000489: No JTA platform available (set 'hibernate.transaction.jta.platform' to enable JTA platform integration)
2025-05-23 19:59:47 [main] INFO  : Initialized JPA EntityManagerFactory for persistence unit 'default'
2025-05-23 19:59:47 [main] WARN  : spring.jpa.open-in-view is enabled by default. Therefore, database queries may be performed during view rendering. Explicitly configure spring.jpa.open-in-view to disable this warning
2025-05-23 19:59:48 [main] INFO  : Starting ProtocolHandler ["http-nio-8181"]
2025-05-23 19:59:48 [main] INFO  : Tomcat started on port 8181 (http) with context path '/'
2025-05-23 19:59:48 [main] INFO  : Started Session23Application in 5.933 seconds (process running for 7.518)
2025-05-23 19:59:52 [http-nio-8181-exec-1] INFO  : Initializing Spring DispatcherServlet 'dispatcherServlet'
2025-05-23 19:59:52 [http-nio-8181-exec-1] INFO  : Initializing Servlet 'dispatcherServlet'
2025-05-23 19:59:52 [http-nio-8181-exec-1] INFO  : Completed initialization in 2 ms
2025-05-23 20:01:15 [SpringApplicationShutdownHook] INFO  : Commencing graceful shutdown. Waiting for active requests to complete
2025-05-23 20:01:15 [tomcat-shutdown] INFO  : Graceful shutdown complete
2025-05-23 20:01:15 [SpringApplicationShutdownHook] INFO  : Closing JPA EntityManagerFactory for persistence unit 'default'
2025-05-23 20:01:15 [SpringApplicationShutdownHook] INFO  : HikariPool-1 - Shutdown initiated...
2025-05-23 20:01:15 [SpringApplicationShutdownHook] INFO  : HikariPool-1 - Shutdown completed.
2025-05-23 20:01:24 [main] INFO  : Starting Session23Application using Java 21.0.6 with PID 8172 (D:\GA\TF-FRE-246E108\Java\SourceCode\Session23\build\classes\java\main started by light in D:\GA\TF-FRE-246E108\Java\SourceCode\Session23)
2025-05-23 20:01:24 [main] INFO  : No active profile set, falling back to 1 default profile: "default"
2025-05-23 20:01:25 [main] INFO  : Bootstrapping Spring Data JPA repositories in DEFAULT mode.
2025-05-23 20:01:25 [main] INFO  : Finished Spring Data repository scanning in 62 ms. Found 1 JPA repository interface.
2025-05-23 20:01:26 [main] INFO  : Tomcat initialized with port 8181 (http)
2025-05-23 20:01:26 [main] INFO  : Initializing ProtocolHandler ["http-nio-8181"]
2025-05-23 20:01:26 [main] INFO  : Starting service [Tomcat]
2025-05-23 20:01:26 [main] INFO  : Starting Servlet engine: [Apache Tomcat/10.1.41]
2025-05-23 20:01:26 [main] INFO  : Initializing Spring embedded WebApplicationContext
2025-05-23 20:01:26 [main] INFO  : Root WebApplicationContext: initialization completed in 1581 ms
2025-05-23 20:01:26 [main] INFO  : HikariPool-1 - Starting...
2025-05-23 20:01:27 [main] INFO  : HikariPool-1 - Added connection com.mysql.cj.jdbc.ConnectionImpl@4ebfb045
2025-05-23 20:01:27 [main] INFO  : HikariPool-1 - Start completed.
2025-05-23 20:01:27 [main] INFO  : HHH000204: Processing PersistenceUnitInfo [name: default]
2025-05-23 20:01:27 [main] INFO  : HHH000412: Hibernate ORM core version 6.6.15.Final
2025-05-23 20:01:27 [main] INFO  : HHH000026: Second-level cache disabled
2025-05-23 20:01:27 [main] INFO  : No LoadTimeWeaver setup: ignoring JPA class transformer
2025-05-23 20:01:28 [main] INFO  : HHH10001005: Database info:
	Database JDBC URL [Connecting through datasource 'HikariDataSource (HikariPool-1)']
	Database driver: undefined/unknown
	Database version: 8.0.20
	Autocommit mode: undefined/unknown
	Isolation level: undefined/unknown
	Minimum pool size: undefined/unknown
	Maximum pool size: undefined/unknown
2025-05-23 20:01:29 [main] INFO  : HHH000489: No JTA platform available (set 'hibernate.transaction.jta.platform' to enable JTA platform integration)
2025-05-23 20:01:29 [main] INFO  : Initialized JPA EntityManagerFactory for persistence unit 'default'
2025-05-23 20:01:29 [main] WARN  : spring.jpa.open-in-view is enabled by default. Therefore, database queries may be performed during view rendering. Explicitly configure spring.jpa.open-in-view to disable this warning
2025-05-23 20:01:30 [main] INFO  : Starting ProtocolHandler ["http-nio-8181"]
2025-05-23 20:01:30 [main] INFO  : Tomcat started on port 8181 (http) with context path '/'
2025-05-23 20:01:30 [main] INFO  : Started Session23Application in 6.116 seconds (process running for 7.835)
2025-05-23 20:01:33 [http-nio-8181-exec-2] INFO  : Initializing Spring DispatcherServlet 'dispatcherServlet'
2025-05-23 20:01:33 [http-nio-8181-exec-2] INFO  : Initializing Servlet 'dispatcherServlet'
2025-05-23 20:01:33 [http-nio-8181-exec-2] INFO  : Completed initialization in 2 ms
2025-05-23 20:04:53 [SpringApplicationShutdownHook] INFO  : Commencing graceful shutdown. Waiting for active requests to complete
2025-05-23 20:04:53 [tomcat-shutdown] INFO  : Graceful shutdown complete
2025-05-23 20:04:53 [SpringApplicationShutdownHook] INFO  : Closing JPA EntityManagerFactory for persistence unit 'default'
2025-05-23 20:04:53 [SpringApplicationShutdownHook] INFO  : HikariPool-1 - Shutdown initiated...
2025-05-23 20:04:53 [SpringApplicationShutdownHook] INFO  : HikariPool-1 - Shutdown completed.
2025-05-23 20:05:54 [main] INFO  : Starting Session23Application using Java 21.0.6 with PID 12300 (D:\GA\TF-FRE-246E108\Java\SourceCode\Session23\build\classes\java\main started by light in D:\GA\TF-FRE-246E108\Java\SourceCode\Session23)
2025-05-23 20:05:54 [main] INFO  : No active profile set, falling back to 1 default profile: "default"
2025-05-23 20:05:55 [main] INFO  : Bootstrapping Spring Data JPA repositories in DEFAULT mode.
2025-05-23 20:05:55 [main] INFO  : Finished Spring Data repository scanning in 68 ms. Found 1 JPA repository interface.
2025-05-23 20:05:56 [main] INFO  : Tomcat initialized with port 8181 (http)
2025-05-23 20:05:56 [main] INFO  : Initializing ProtocolHandler ["http-nio-8181"]
2025-05-23 20:05:56 [main] INFO  : Starting service [Tomcat]
2025-05-23 20:05:56 [main] INFO  : Starting Servlet engine: [Apache Tomcat/10.1.41]
2025-05-23 20:05:56 [main] INFO  : Initializing Spring embedded WebApplicationContext
2025-05-23 20:05:56 [main] INFO  : Root WebApplicationContext: initialization completed in 1569 ms
2025-05-23 20:05:56 [main] INFO  : HikariPool-1 - Starting...
2025-05-23 20:05:57 [main] INFO  : HikariPool-1 - Added connection com.mysql.cj.jdbc.ConnectionImpl@4bbc21bd
2025-05-23 20:05:57 [main] INFO  : HikariPool-1 - Start completed.
2025-05-23 20:05:57 [main] INFO  : HHH000204: Processing PersistenceUnitInfo [name: default]
2025-05-23 20:05:57 [main] INFO  : HHH000412: Hibernate ORM core version 6.6.15.Final
2025-05-23 20:05:57 [main] INFO  : HHH000026: Second-level cache disabled
2025-05-23 20:05:58 [main] INFO  : No LoadTimeWeaver setup: ignoring JPA class transformer
2025-05-23 20:05:58 [main] INFO  : HHH10001005: Database info:
	Database JDBC URL [Connecting through datasource 'HikariDataSource (HikariPool-1)']
	Database driver: undefined/unknown
	Database version: 8.0.20
	Autocommit mode: undefined/unknown
	Isolation level: undefined/unknown
	Minimum pool size: undefined/unknown
	Maximum pool size: undefined/unknown
2025-05-23 20:05:59 [main] INFO  : HHH000489: No JTA platform available (set 'hibernate.transaction.jta.platform' to enable JTA platform integration)
2025-05-23 20:05:59 [main] INFO  : Initialized JPA EntityManagerFactory for persistence unit 'default'
2025-05-23 20:06:00 [main] WARN  : spring.jpa.open-in-view is enabled by default. Therefore, database queries may be performed during view rendering. Explicitly configure spring.jpa.open-in-view to disable this warning
2025-05-23 20:06:00 [main] INFO  : Starting ProtocolHandler ["http-nio-8181"]
2025-05-23 20:06:00 [main] INFO  : Tomcat started on port 8181 (http) with context path '/'
2025-05-23 20:06:00 [main] INFO  : Started Session23Application in 6.752 seconds (process running for 9.099)
2025-05-23 20:06:06 [http-nio-8181-exec-2] INFO  : Initializing Spring DispatcherServlet 'dispatcherServlet'
2025-05-23 20:06:06 [http-nio-8181-exec-2] INFO  : Initializing Servlet 'dispatcherServlet'
2025-05-23 20:06:06 [http-nio-8181-exec-2] INFO  : Completed initialization in 1 ms
2025-05-23 20:06:33 [SpringApplicationShutdownHook] INFO  : Commencing graceful shutdown. Waiting for active requests to complete
2025-05-23 20:06:33 [tomcat-shutdown] INFO  : Graceful shutdown complete
2025-05-23 20:06:33 [SpringApplicationShutdownHook] INFO  : Closing JPA EntityManagerFactory for persistence unit 'default'
2025-05-23 20:06:33 [SpringApplicationShutdownHook] INFO  : HikariPool-1 - Shutdown initiated...
2025-05-23 20:06:33 [SpringApplicationShutdownHook] INFO  : HikariPool-1 - Shutdown completed.
2025-05-23 20:09:36 [main] INFO  : Starting Session23Application using Java 21.0.6 with PID 16408 (D:\GA\TF-FRE-246E108\Java\SourceCode\Session23\build\classes\java\main started by light in D:\GA\TF-FRE-246E108\Java\SourceCode\Session23)
2025-05-23 20:09:36 [main] INFO  : No active profile set, falling back to 1 default profile: "default"
2025-05-23 20:09:36 [main] INFO  : Bootstrapping Spring Data JPA repositories in DEFAULT mode.
2025-05-23 20:09:36 [main] INFO  : Finished Spring Data repository scanning in 54 ms. Found 1 JPA repository interface.
2025-05-23 20:09:37 [main] INFO  : Tomcat initialized with port 8181 (http)
2025-05-23 20:09:37 [main] INFO  : Initializing ProtocolHandler ["http-nio-8181"]
2025-05-23 20:09:37 [main] INFO  : Starting service [Tomcat]
2025-05-23 20:09:37 [main] INFO  : Starting Servlet engine: [Apache Tomcat/10.1.41]
2025-05-23 20:09:37 [main] INFO  : Initializing Spring embedded WebApplicationContext
2025-05-23 20:09:37 [main] INFO  : Root WebApplicationContext: initialization completed in 1527 ms
2025-05-23 20:09:37 [main] INFO  : HikariPool-1 - Starting...
2025-05-23 20:09:38 [main] INFO  : HikariPool-1 - Added connection com.mysql.cj.jdbc.ConnectionImpl@6c5ae8fd
2025-05-23 20:09:38 [main] INFO  : HikariPool-1 - Start completed.
2025-05-23 20:09:38 [main] INFO  : HHH000204: Processing PersistenceUnitInfo [name: default]
2025-05-23 20:09:38 [main] INFO  : HHH000412: Hibernate ORM core version 6.6.15.Final
2025-05-23 20:09:38 [main] INFO  : HHH000026: Second-level cache disabled
2025-05-23 20:09:39 [main] INFO  : No LoadTimeWeaver setup: ignoring JPA class transformer
2025-05-23 20:09:39 [main] INFO  : HHH10001005: Database info:
	Database JDBC URL [Connecting through datasource 'HikariDataSource (HikariPool-1)']
	Database driver: undefined/unknown
	Database version: 8.0.20
	Autocommit mode: undefined/unknown
	Isolation level: undefined/unknown
	Minimum pool size: undefined/unknown
	Maximum pool size: undefined/unknown
2025-05-23 20:09:40 [main] INFO  : HHH000489: No JTA platform available (set 'hibernate.transaction.jta.platform' to enable JTA platform integration)
2025-05-23 20:09:40 [main] INFO  : Initialized JPA EntityManagerFactory for persistence unit 'default'
2025-05-23 20:09:40 [main] WARN  : spring.jpa.open-in-view is enabled by default. Therefore, database queries may be performed during view rendering. Explicitly configure spring.jpa.open-in-view to disable this warning
2025-05-23 20:09:41 [main] INFO  : Starting ProtocolHandler ["http-nio-8181"]
2025-05-23 20:09:41 [main] INFO  : Tomcat started on port 8181 (http) with context path '/'
2025-05-23 20:09:41 [main] INFO  : Started Session23Application in 6.183 seconds (process running for 7.333)
2025-05-23 20:09:47 [http-nio-8181-exec-1] INFO  : Initializing Spring DispatcherServlet 'dispatcherServlet'
2025-05-23 20:09:47 [http-nio-8181-exec-1] INFO  : Initializing Servlet 'dispatcherServlet'
2025-05-23 20:09:47 [http-nio-8181-exec-1] INFO  : Completed initialization in 2 ms
2025-05-23 20:10:50 [SpringApplicationShutdownHook] INFO  : Commencing graceful shutdown. Waiting for active requests to complete
2025-05-23 20:10:50 [tomcat-shutdown] INFO  : Graceful shutdown complete
2025-05-23 20:10:50 [SpringApplicationShutdownHook] INFO  : Closing JPA EntityManagerFactory for persistence unit 'default'
2025-05-23 20:10:50 [SpringApplicationShutdownHook] INFO  : HikariPool-1 - Shutdown initiated...
2025-05-23 20:10:50 [SpringApplicationShutdownHook] INFO  : HikariPool-1 - Shutdown completed.
2025-05-23 20:34:29 [main] INFO  : Starting Session23Application using Java 21.0.6 with PID 12328 (D:\GA\TF-FRE-246E108\Java\SourceCode\Session23\build\classes\java\main started by light in D:\GA\TF-FRE-246E108\Java\SourceCode\Session23)
2025-05-23 20:34:29 [main] INFO  : No active profile set, falling back to 1 default profile: "default"
2025-05-23 20:34:30 [main] INFO  : Bootstrapping Spring Data JPA repositories in DEFAULT mode.
2025-05-23 20:34:30 [main] INFO  : Finished Spring Data repository scanning in 87 ms. Found 2 JPA repository interfaces.
2025-05-23 20:34:31 [main] INFO  : Tomcat initialized with port 8181 (http)
2025-05-23 20:34:31 [main] INFO  : Initializing ProtocolHandler ["http-nio-8181"]
2025-05-23 20:34:31 [main] INFO  : Starting service [Tomcat]
2025-05-23 20:34:31 [main] INFO  : Starting Servlet engine: [Apache Tomcat/10.1.41]
2025-05-23 20:34:31 [main] INFO  : Initializing Spring embedded WebApplicationContext
2025-05-23 20:34:31 [main] INFO  : Root WebApplicationContext: initialization completed in 1752 ms
2025-05-23 20:34:31 [main] INFO  : HikariPool-1 - Starting...
2025-05-23 20:34:32 [main] INFO  : HikariPool-1 - Added connection com.mysql.cj.jdbc.ConnectionImpl@df7d1d4
2025-05-23 20:34:32 [main] INFO  : HikariPool-1 - Start completed.
2025-05-23 20:34:32 [main] INFO  : HHH000204: Processing PersistenceUnitInfo [name: default]
2025-05-23 20:34:32 [main] INFO  : HHH000412: Hibernate ORM core version 6.6.15.Final
2025-05-23 20:34:32 [main] INFO  : HHH000026: Second-level cache disabled
2025-05-23 20:34:33 [main] INFO  : No LoadTimeWeaver setup: ignoring JPA class transformer
2025-05-23 20:34:33 [main] INFO  : HHH10001005: Database info:
	Database JDBC URL [Connecting through datasource 'HikariDataSource (HikariPool-1)']
	Database driver: undefined/unknown
	Database version: 8.0.20
	Autocommit mode: undefined/unknown
	Isolation level: undefined/unknown
	Minimum pool size: undefined/unknown
	Maximum pool size: undefined/unknown
2025-05-23 20:34:34 [main] INFO  : HHH000489: No JTA platform available (set 'hibernate.transaction.jta.platform' to enable JTA platform integration)
2025-05-23 20:34:34 [main] INFO  : Initialized JPA EntityManagerFactory for persistence unit 'default'
2025-05-23 20:34:34 [main] WARN  : spring.jpa.open-in-view is enabled by default. Therefore, database queries may be performed during view rendering. Explicitly configure spring.jpa.open-in-view to disable this warning
2025-05-23 20:34:35 [main] INFO  : Starting ProtocolHandler ["http-nio-8181"]
2025-05-23 20:34:35 [main] INFO  : Tomcat started on port 8181 (http) with context path '/'
2025-05-23 20:34:35 [main] INFO  : Started Session23Application in 6.732 seconds (process running for 8.158)
2025-05-23 20:34:36 [scheduling-1] INFO  : [EXECUTE] LogAspect com.greenacademy.service.impl.ErrorConfigServiceImpl.findAll executed in 219 ms
2025-05-23 20:34:37 [scheduling-1] INFO  : [EXECUTE] LogAspect com.greenacademy.service.impl.ErrorConfigServiceImpl.findAll executed in 22 ms
2025-05-23 20:34:38 [scheduling-1] INFO  : [EXECUTE] LogAspect com.greenacademy.service.impl.ErrorConfigServiceImpl.findAll executed in 33 ms
2025-05-23 20:34:39 [scheduling-1] INFO  : [EXECUTE] LogAspect com.greenacademy.service.impl.ErrorConfigServiceImpl.findAll executed in 15 ms
2025-05-23 20:34:40 [scheduling-1] INFO  : [EXECUTE] LogAspect com.greenacademy.service.impl.ErrorConfigServiceImpl.findAll executed in 14 ms
2025-05-23 20:34:41 [scheduling-1] INFO  : [EXECUTE] LogAspect com.greenacademy.service.impl.ErrorConfigServiceImpl.findAll executed in 16 ms
2025-05-23 20:34:42 [scheduling-1] INFO  : [EXECUTE] LogAspect com.greenacademy.service.impl.ErrorConfigServiceImpl.findAll executed in 21 ms
2025-05-23 20:34:43 [scheduling-1] INFO  : [EXECUTE] LogAspect com.greenacademy.service.impl.ErrorConfigServiceImpl.findAll executed in 19 ms
2025-05-23 20:34:44 [scheduling-1] INFO  : [EXECUTE] LogAspect com.greenacademy.service.impl.ErrorConfigServiceImpl.findAll executed in 35 ms
2025-05-23 20:34:45 [scheduling-1] INFO  : [EXECUTE] LogAspect com.greenacademy.service.impl.ErrorConfigServiceImpl.findAll executed in 30 ms
2025-05-23 20:34:47 [scheduling-1] INFO  : [EXECUTE] LogAspect com.greenacademy.service.impl.ErrorConfigServiceImpl.findAll executed in 13 ms
2025-05-23 20:34:48 [scheduling-1] INFO  : [EXECUTE] LogAspect com.greenacademy.service.impl.ErrorConfigServiceImpl.findAll executed in 17 ms
2025-05-23 20:34:49 [scheduling-1] INFO  : [EXECUTE] LogAspect com.greenacademy.service.impl.ErrorConfigServiceImpl.findAll executed in 31 ms
2025-05-23 20:34:49 [http-nio-8181-exec-2] INFO  : Initializing Spring DispatcherServlet 'dispatcherServlet'
2025-05-23 20:34:49 [http-nio-8181-exec-2] INFO  : Initializing Servlet 'dispatcherServlet'
2025-05-23 20:34:49 [http-nio-8181-exec-2] INFO  : Completed initialization in 2 ms
2025-05-23 20:34:53 [scheduling-1] INFO  : [EXECUTE] LogAspect com.greenacademy.service.impl.ErrorConfigServiceImpl.findAll executed in 33 ms
2025-05-23 20:34:54 [scheduling-1] INFO  : [EXECUTE] LogAspect com.greenacademy.service.impl.ErrorConfigServiceImpl.findAll executed in 13 ms
2025-05-23 20:34:55 [scheduling-1] INFO  : [EXECUTE] LogAspect com.greenacademy.service.impl.ErrorConfigServiceImpl.findAll executed in 16 ms
2025-05-23 20:34:56 [scheduling-1] INFO  : [EXECUTE] LogAspect com.greenacademy.service.impl.ErrorConfigServiceImpl.findAll executed in 13 ms
2025-05-23 20:34:57 [scheduling-1] INFO  : [EXECUTE] LogAspect com.greenacademy.service.impl.ErrorConfigServiceImpl.findAll executed in 12 ms
2025-05-23 20:34:58 [scheduling-1] INFO  : [EXECUTE] LogAspect com.greenacademy.service.impl.ErrorConfigServiceImpl.findAll executed in 14 ms
2025-05-23 20:34:59 [scheduling-1] INFO  : [EXECUTE] LogAspect com.greenacademy.service.impl.ErrorConfigServiceImpl.findAll executed in 11 ms
2025-05-23 20:35:00 [scheduling-1] INFO  : [EXECUTE] LogAspect com.greenacademy.service.impl.ErrorConfigServiceImpl.findAll executed in 16 ms
2025-05-23 20:35:01 [scheduling-1] INFO  : [EXECUTE] LogAspect com.greenacademy.service.impl.ErrorConfigServiceImpl.findAll executed in 20 ms
2025-05-23 20:35:01 [SpringApplicationShutdownHook] INFO  : Commencing graceful shutdown. Waiting for active requests to complete
2025-05-23 20:35:01 [tomcat-shutdown] INFO  : Graceful shutdown complete
2025-05-23 20:35:01 [SpringApplicationShutdownHook] INFO  : Closing JPA EntityManagerFactory for persistence unit 'default'
2025-05-23 20:35:01 [SpringApplicationShutdownHook] INFO  : HikariPool-1 - Shutdown initiated...
2025-05-23 20:35:01 [SpringApplicationShutdownHook] INFO  : HikariPool-1 - Shutdown completed.
2025-05-23 20:35:36 [main] INFO  : Starting Session23Application using Java 21.0.6 with PID 7184 (D:\GA\TF-FRE-246E108\Java\SourceCode\Session23\build\classes\java\main started by light in D:\GA\TF-FRE-246E108\Java\SourceCode\Session23)
2025-05-23 20:35:36 [main] INFO  : No active profile set, falling back to 1 default profile: "default"
2025-05-23 20:35:37 [main] INFO  : Bootstrapping Spring Data JPA repositories in DEFAULT mode.
2025-05-23 20:35:37 [main] INFO  : Finished Spring Data repository scanning in 66 ms. Found 2 JPA repository interfaces.
2025-05-23 20:35:38 [main] INFO  : Tomcat initialized with port 8181 (http)
2025-05-23 20:35:38 [main] INFO  : Initializing ProtocolHandler ["http-nio-8181"]
2025-05-23 20:35:38 [main] INFO  : Starting service [Tomcat]
2025-05-23 20:35:38 [main] INFO  : Starting Servlet engine: [Apache Tomcat/10.1.41]
2025-05-23 20:35:38 [main] INFO  : Initializing Spring embedded WebApplicationContext
2025-05-23 20:35:38 [main] INFO  : Root WebApplicationContext: initialization completed in 1544 ms
2025-05-23 20:35:38 [main] INFO  : HikariPool-1 - Starting...
2025-05-23 20:35:38 [main] INFO  : HikariPool-1 - Added connection com.mysql.cj.jdbc.ConnectionImpl@40b31a16
2025-05-23 20:35:38 [main] INFO  : HikariPool-1 - Start completed.
2025-05-23 20:35:38 [main] INFO  : HHH000204: Processing PersistenceUnitInfo [name: default]
2025-05-23 20:35:38 [main] INFO  : HHH000412: Hibernate ORM core version 6.6.15.Final
2025-05-23 20:35:38 [main] INFO  : HHH000026: Second-level cache disabled
2025-05-23 20:35:39 [main] INFO  : No LoadTimeWeaver setup: ignoring JPA class transformer
2025-05-23 20:35:39 [main] INFO  : HHH10001005: Database info:
	Database JDBC URL [Connecting through datasource 'HikariDataSource (HikariPool-1)']
	Database driver: undefined/unknown
	Database version: 8.0.20
	Autocommit mode: undefined/unknown
	Isolation level: undefined/unknown
	Minimum pool size: undefined/unknown
	Maximum pool size: undefined/unknown
2025-05-23 20:35:40 [main] INFO  : HHH000489: No JTA platform available (set 'hibernate.transaction.jta.platform' to enable JTA platform integration)
2025-05-23 20:35:40 [main] INFO  : Initialized JPA EntityManagerFactory for persistence unit 'default'
2025-05-23 20:35:41 [main] WARN  : spring.jpa.open-in-view is enabled by default. Therefore, database queries may be performed during view rendering. Explicitly configure spring.jpa.open-in-view to disable this warning
2025-05-23 20:35:41 [main] INFO  : Starting ProtocolHandler ["http-nio-8181"]
2025-05-23 20:35:41 [main] INFO  : Tomcat started on port 8181 (http) with context path '/'
2025-05-23 20:35:41 [main] INFO  : Started Session23Application in 5.894 seconds (process running for 7.006)
2025-05-23 20:35:42 [scheduling-1] INFO  : [EXECUTE] LogAspect com.greenacademy.service.impl.ErrorConfigServiceImpl.findAll executed in 243 ms
2025-05-23 20:35:50 [http-nio-8181-exec-1] INFO  : Initializing Spring DispatcherServlet 'dispatcherServlet'
2025-05-23 20:35:50 [http-nio-8181-exec-1] INFO  : Initializing Servlet 'dispatcherServlet'
2025-05-23 20:35:50 [http-nio-8181-exec-1] INFO  : Completed initialization in 3 ms
2025-05-23 21:26:37 [SpringApplicationShutdownHook] INFO  : Commencing graceful shutdown. Waiting for active requests to complete
2025-05-23 21:26:38 [tomcat-shutdown] INFO  : Graceful shutdown complete
2025-05-23 21:26:38 [SpringApplicationShutdownHook] INFO  : Closing JPA EntityManagerFactory for persistence unit 'default'
2025-05-23 21:26:38 [SpringApplicationShutdownHook] INFO  : HikariPool-1 - Shutdown initiated...
2025-05-23 21:26:38 [SpringApplicationShutdownHook] INFO  : HikariPool-1 - Shutdown completed.
