2025-05-23T19:02:38.519+07:00  INFO 9192 --- [Session23] [main] com.greenacademy.Session23Application    : Starting Session23Application using Java 21.0.6 with PID 9192 (D:\GA\TF-FRE-246E108\Java\SourceCode\Session23\build\classes\java\main started by light in D:\GA\TF-FRE-246E108\Java\SourceCode\Session23)
2025-05-23T19:02:38.523+07:00  INFO 9192 --- [Session23] [main] com.greenacademy.Session23Application    : No active profile set, falling back to 1 default profile: "default"
2025-05-23T19:02:39.656+07:00  INFO 9192 --- [Session23] [main] .s.d.r.c.RepositoryConfigurationDelegate : Bootstrapping Spring Data JPA repositories in DEFAULT mode.
2025-05-23T19:02:39.760+07:00  INFO 9192 --- [Session23] [main] .s.d.r.c.RepositoryConfigurationDelegate : Finished Spring Data repository scanning in 89 ms. Found 1 JPA repository interface.
2025-05-23T19:02:40.560+07:00  INFO 9192 --- [Session23] [main] o.s.b.w.embedded.tomcat.TomcatWebServer  : Tomcat initialized with port 8181 (http)
2025-05-23T19:02:40.576+07:00  INFO 9192 --- [Session23] [main] o.apache.catalina.core.StandardService   : Starting service [Tomcat]
2025-05-23T19:02:40.577+07:00  INFO 9192 --- [Session23] [main] o.apache.catalina.core.StandardEngine    : Starting Servlet engine: [Apache Tomcat/10.1.41]
2025-05-23T19:02:40.643+07:00  INFO 9192 --- [Session23] [main] o.a.c.c.C.[Tomcat].[localhost].[/]       : Initializing Spring embedded WebApplicationContext
2025-05-23T19:02:40.644+07:00  INFO 9192 --- [Session23] [main] w.s.c.ServletWebServerApplicationContext : Root WebApplicationContext: initialization completed in 2039 ms
2025-05-23T19:02:40.818+07:00  INFO 9192 --- [Session23] [main] com.zaxxer.hikari.HikariDataSource       : HikariPool-1 - Starting...
2025-05-23T19:02:41.464+07:00  INFO 9192 --- [Session23] [main] com.zaxxer.hikari.pool.HikariPool        : HikariPool-1 - Added connection com.mysql.cj.jdbc.ConnectionImpl@12d40609
2025-05-23T19:02:41.468+07:00  INFO 9192 --- [Session23] [main] com.zaxxer.hikari.HikariDataSource       : HikariPool-1 - Start completed.
2025-05-23T19:02:41.550+07:00  INFO 9192 --- [Session23] [main] o.hibernate.jpa.internal.util.LogHelper  : HHH000204: Processing PersistenceUnitInfo [name: default]
2025-05-23T19:02:41.653+07:00  INFO 9192 --- [Session23] [main] org.hibernate.Version                    : HHH000412: Hibernate ORM core version 6.6.15.Final
2025-05-23T19:02:41.726+07:00  INFO 9192 --- [Session23] [main] o.h.c.internal.RegionFactoryInitiator    : HHH000026: Second-level cache disabled
2025-05-23T19:02:42.181+07:00  INFO 9192 --- [Session23] [main] o.s.o.j.p.SpringPersistenceUnitInfo      : No LoadTimeWeaver setup: ignoring JPA class transformer
2025-05-23T19:02:42.340+07:00  INFO 9192 --- [Session23] [main] org.hibernate.orm.connections.pooling    : HHH10001005: Database info:
	Database JDBC URL [Connecting through datasource 'HikariDataSource (HikariPool-1)']
	Database driver: undefined/unknown
	Database version: 8.0.20
	Autocommit mode: undefined/unknown
	Isolation level: undefined/unknown
	Minimum pool size: undefined/unknown
	Maximum pool size: undefined/unknown
2025-05-23T19:02:43.818+07:00  INFO 9192 --- [Session23] [main] o.h.e.t.j.p.i.JtaPlatformInitiator       : HHH000489: No JTA platform available (set 'hibernate.transaction.jta.platform' to enable JTA platform integration)
2025-05-23T19:02:43.823+07:00  INFO 9192 --- [Session23] [main] j.LocalContainerEntityManagerFactoryBean : Initialized JPA EntityManagerFactory for persistence unit 'default'
2025-05-23T19:02:44.196+07:00  WARN 9192 --- [Session23] [main] JpaBaseConfiguration$JpaWebConfiguration : spring.jpa.open-in-view is enabled by default. Therefore, database queries may be performed during view rendering. Explicitly configure spring.jpa.open-in-view to disable this warning
2025-05-23T19:02:44.801+07:00  INFO 9192 --- [Session23] [main] o.s.b.w.embedded.tomcat.TomcatWebServer  : Tomcat started on port 8181 (http) with context path '/'
2025-05-23T19:02:44.808+07:00  INFO 9192 --- [Session23] [main] com.greenacademy.Session23Application    : Started Session23Application in 7.323 seconds (process running for 8.601)
2025-05-23T19:02:45.821+07:00  INFO 9192 --- [Session23] [SpringApplicationShutdownHook] o.s.b.w.e.tomcat.GracefulShutdown        : Commencing graceful shutdown. Waiting for active requests to complete
2025-05-23T19:02:45.831+07:00  INFO 9192 --- [Session23] [tomcat-shutdown] o.s.b.w.e.tomcat.GracefulShutdown        : Graceful shutdown complete
2025-05-23T19:02:45.835+07:00  INFO 9192 --- [Session23] [SpringApplicationShutdownHook] j.LocalContainerEntityManagerFactoryBean : Closing JPA EntityManagerFactory for persistence unit 'default'
2025-05-23T19:02:45.838+07:00  INFO 9192 --- [Session23] [SpringApplicationShutdownHook] com.zaxxer.hikari.HikariDataSource       : HikariPool-1 - Shutdown initiated...
2025-05-23T19:02:45.853+07:00  INFO 9192 --- [Session23] [SpringApplicationShutdownHook] com.zaxxer.hikari.HikariDataSource       : HikariPool-1 - Shutdown completed.
2025-05-23T19:02:54.081+07:00  INFO 22364 --- [Session23] [main] com.greenacademy.Session23Application    : Starting Session23Application using Java 21.0.6 with PID 22364 (D:\GA\TF-FRE-246E108\Java\SourceCode\Session23\build\classes\java\main started by light in D:\GA\TF-FRE-246E108\Java\SourceCode\Session23)
2025-05-23T19:02:54.084+07:00  INFO 22364 --- [Session23] [main] com.greenacademy.Session23Application    : No active profile set, falling back to 1 default profile: "default"
2025-05-23T19:02:55.196+07:00  INFO 22364 --- [Session23] [main] .s.d.r.c.RepositoryConfigurationDelegate : Bootstrapping Spring Data JPA repositories in DEFAULT mode.
2025-05-23T19:02:55.282+07:00  INFO 22364 --- [Session23] [main] .s.d.r.c.RepositoryConfigurationDelegate : Finished Spring Data repository scanning in 68 ms. Found 1 JPA repository interface.
2025-05-23T19:02:55.942+07:00  INFO 22364 --- [Session23] [main] o.s.b.w.embedded.tomcat.TomcatWebServer  : Tomcat initialized with port 8181 (http)
2025-05-23T19:02:55.959+07:00  INFO 22364 --- [Session23] [main] o.apache.catalina.core.StandardService   : Starting service [Tomcat]
2025-05-23T19:02:55.959+07:00  INFO 22364 --- [Session23] [main] o.apache.catalina.core.StandardEngine    : Starting Servlet engine: [Apache Tomcat/10.1.41]
2025-05-23T19:02:56.021+07:00  INFO 22364 --- [Session23] [main] o.a.c.c.C.[Tomcat].[localhost].[/]       : Initializing Spring embedded WebApplicationContext
2025-05-23T19:02:56.022+07:00  INFO 22364 --- [Session23] [main] w.s.c.ServletWebServerApplicationContext : Root WebApplicationContext: initialization completed in 1874 ms
2025-05-23T19:02:56.230+07:00  INFO 22364 --- [Session23] [main] com.zaxxer.hikari.HikariDataSource       : HikariPool-1 - Starting...
2025-05-23T19:02:56.785+07:00  INFO 22364 --- [Session23] [main] com.zaxxer.hikari.pool.HikariPool        : HikariPool-1 - Added connection com.mysql.cj.jdbc.ConnectionImpl@6735f210
2025-05-23T19:02:56.789+07:00  INFO 22364 --- [Session23] [main] com.zaxxer.hikari.HikariDataSource       : HikariPool-1 - Start completed.
2025-05-23T19:02:56.838+07:00  INFO 22364 --- [Session23] [main] o.hibernate.jpa.internal.util.LogHelper  : HHH000204: Processing PersistenceUnitInfo [name: default]
2025-05-23T19:02:56.928+07:00  INFO 22364 --- [Session23] [main] org.hibernate.Version                    : HHH000412: Hibernate ORM core version 6.6.15.Final
2025-05-23T19:02:57.010+07:00  INFO 22364 --- [Session23] [main] o.h.c.internal.RegionFactoryInitiator    : HHH000026: Second-level cache disabled
2025-05-23T19:02:57.536+07:00  INFO 22364 --- [Session23] [main] o.s.o.j.p.SpringPersistenceUnitInfo      : No LoadTimeWeaver setup: ignoring JPA class transformer
2025-05-23T19:02:57.671+07:00  INFO 22364 --- [Session23] [main] org.hibernate.orm.connections.pooling    : HHH10001005: Database info:
	Database JDBC URL [Connecting through datasource 'HikariDataSource (HikariPool-1)']
	Database driver: undefined/unknown
	Database version: 8.0.20
	Autocommit mode: undefined/unknown
	Isolation level: undefined/unknown
	Minimum pool size: undefined/unknown
	Maximum pool size: undefined/unknown
2025-05-23T19:02:58.910+07:00  INFO 22364 --- [Session23] [main] o.h.e.t.j.p.i.JtaPlatformInitiator       : HHH000489: No JTA platform available (set 'hibernate.transaction.jta.platform' to enable JTA platform integration)
2025-05-23T19:02:58.914+07:00  INFO 22364 --- [Session23] [main] j.LocalContainerEntityManagerFactoryBean : Initialized JPA EntityManagerFactory for persistence unit 'default'
2025-05-23T19:02:59.229+07:00  WARN 22364 --- [Session23] [main] JpaBaseConfiguration$JpaWebConfiguration : spring.jpa.open-in-view is enabled by default. Therefore, database queries may be performed during view rendering. Explicitly configure spring.jpa.open-in-view to disable this warning
2025-05-23T19:02:59.656+07:00  INFO 22364 --- [Session23] [main] o.s.b.w.embedded.tomcat.TomcatWebServer  : Tomcat started on port 8181 (http) with context path '/'
2025-05-23T19:02:59.664+07:00  INFO 22364 --- [Session23] [main] com.greenacademy.Session23Application    : Started Session23Application in 6.295 seconds (process running for 7.884)
2025-05-23T19:03:09.155+07:00  INFO 22364 --- [Session23] [http-nio-8181-exec-2] o.a.c.c.C.[Tomcat].[localhost].[/]       : Initializing Spring DispatcherServlet 'dispatcherServlet'
2025-05-23T19:03:09.157+07:00  INFO 22364 --- [Session23] [http-nio-8181-exec-2] o.s.web.servlet.DispatcherServlet        : Initializing Servlet 'dispatcherServlet'
2025-05-23T19:03:09.160+07:00  INFO 22364 --- [Session23] [http-nio-8181-exec-2] o.s.web.servlet.DispatcherServlet        : Completed initialization in 1 ms
2025-05-23T19:03:09.222+07:00  INFO 22364 --- [Session23] [http-nio-8181-exec-2] com.greenacademy.api.BookApi             : [START] BookApi get
2025-05-23T19:03:09.225+07:00  INFO 22364 --- [Session23] [http-nio-8181-exec-2] c.g.service.impl.BookServiceImpl         : [START] BookServiceImpl findAll
2025-05-23T19:03:09.625+07:00  INFO 22364 --- [Session23] [http-nio-8181-exec-2] c.g.service.impl.BookServiceImpl         : [END] BookServiceImpl findAll success [BookResponse(bookId=B001, bookName=Lập trình Java, author=GreenAcademy, categoryName=Danh mục 12, price=450000.0), BookResponse(bookId=B002, bookName=Lập Trình Website, author=GA, categoryName=Danh mục 15, price=150000.0)]
2025-05-23T19:03:09.626+07:00  INFO 22364 --- [Session23] [http-nio-8181-exec-2] com.greenacademy.api.BookApi             : [END] BookApi get
2025-05-23T19:07:51.558+07:00  INFO 22364 --- [Session23] [SpringApplicationShutdownHook] o.s.b.w.e.tomcat.GracefulShutdown        : Commencing graceful shutdown. Waiting for active requests to complete
2025-05-23T19:07:51.637+07:00  INFO 22364 --- [Session23] [tomcat-shutdown] o.s.b.w.e.tomcat.GracefulShutdown        : Graceful shutdown complete
2025-05-23T19:07:51.706+07:00  INFO 22364 --- [Session23] [SpringApplicationShutdownHook] j.LocalContainerEntityManagerFactoryBean : Closing JPA EntityManagerFactory for persistence unit 'default'
2025-05-23T19:07:51.787+07:00  INFO 22364 --- [Session23] [SpringApplicationShutdownHook] com.zaxxer.hikari.HikariDataSource       : HikariPool-1 - Shutdown initiated...
2025-05-23T19:07:51.913+07:00  INFO 22364 --- [Session23] [SpringApplicationShutdownHook] com.zaxxer.hikari.HikariDataSource       : HikariPool-1 - Shutdown completed.
