2025-05-30 20:12:39.546 [main] INFO  com.greenacademy.Application [,] - Starting Application using Java 21.0.6 with PID 13184 (D:\GA\TF-FRE-246E108\Java\SourceCode\Session26\target\classes started by light in D:\GA\TF-FRE-246E108\Java\SourceCode\Session26)
2025-05-30 20:12:39.551 [main] INFO  com.greenacademy.Application [,] - No active profile set, falling back to 1 default profile: "default"
2025-05-30 20:12:40.801 [main] INFO  o.s.d.r.c.RepositoryConfigurationDelegate [,] - Bootstrapping Spring Data JPA repositories in DEFAULT mode.
2025-05-30 20:12:40.889 [main] INFO  o.s.d.r.c.RepositoryConfigurationDelegate [,] - Finished Spring Data repository scanning in 78 ms. Found 2 JPA repository interfaces.
2025-05-30 20:12:41.534 [main] INFO  o.s.b.w.e.tomcat.TomcatWebServer [,] - Tomcat initialized with port 8080 (http)
2025-05-30 20:12:41.556 [main] INFO  o.a.coyote.http11.Http11NioProtocol [,] - Initializing ProtocolHandler ["http-nio-8080"]
2025-05-30 20:12:41.557 [main] INFO  o.a.catalina.core.StandardService [,] - Starting service [Tomcat]
2025-05-30 20:12:41.559 [main] INFO  o.a.catalina.core.StandardEngine [,] - Starting Servlet engine: [Apache Tomcat/10.1.41]
2025-05-30 20:12:41.662 [main] INFO  o.a.c.c.C.[Tomcat].[localhost].[/] [,] - Initializing Spring embedded WebApplicationContext
2025-05-30 20:12:41.662 [main] INFO  o.s.b.w.s.c.ServletWebServerApplicationContext [,] - Root WebApplicationContext: initialization completed in 2008 ms
2025-05-30 20:12:41.882 [main] INFO  com.zaxxer.hikari.HikariDataSource [,] - HikariPool-1 - Starting...
2025-05-30 20:12:42.617 [main] INFO  com.zaxxer.hikari.pool.HikariPool [,] - HikariPool-1 - Added connection com.mysql.cj.jdbc.ConnectionImpl@6ef037e4
2025-05-30 20:12:42.619 [main] INFO  com.zaxxer.hikari.HikariDataSource [,] - HikariPool-1 - Start completed.
2025-05-30 20:12:42.676 [main] INFO  o.h.jpa.internal.util.LogHelper [,] - HHH000204: Processing PersistenceUnitInfo [name: default]
2025-05-30 20:12:42.819 [main] INFO  org.hibernate.Version [,] - HHH000412: Hibernate ORM core version 6.6.15.Final
2025-05-30 20:12:42.919 [main] INFO  o.h.c.i.RegionFactoryInitiator [,] - HHH000026: Second-level cache disabled
2025-05-30 20:12:43.444 [main] INFO  o.s.o.j.p.SpringPersistenceUnitInfo [,] - No LoadTimeWeaver setup: ignoring JPA class transformer
2025-05-30 20:12:43.794 [main] INFO  o.hibernate.orm.connections.pooling [,] - HHH10001005: Database info:
	Database JDBC URL [Connecting through datasource 'HikariDataSource (HikariPool-1)']
	Database driver: undefined/unknown
	Database version: 8.0.20
	Autocommit mode: undefined/unknown
	Isolation level: undefined/unknown
	Minimum pool size: undefined/unknown
	Maximum pool size: undefined/unknown
2025-05-30 20:12:45.313 [main] INFO  o.h.e.t.j.p.i.JtaPlatformInitiator [,] - HHH000489: No JTA platform available (set 'hibernate.transaction.jta.platform' to enable JTA platform integration)
2025-05-30 20:12:45.317 [main] INFO  o.s.o.j.LocalContainerEntityManagerFactoryBean [,] - Initialized JPA EntityManagerFactory for persistence unit 'default'
2025-05-30 20:12:45.745 [main] INFO  o.s.s.c.a.a.c.InitializeAuthenticationProviderBeanManagerConfigurer$InitializeAuthenticationProviderManagerConfigurer [,] - Global AuthenticationManager configured with AuthenticationProvider bean with name authenticationProvider
2025-05-30 20:12:45.745 [main] WARN  o.s.s.c.a.a.c.InitializeUserDetailsBeanManagerConfigurer$InitializeUserDetailsManagerConfigurer [,] - Global AuthenticationManager configured with an AuthenticationProvider bean. UserDetailsService beans will not be used by Spring Security for automatically configuring username/password login. Consider removing the AuthenticationProvider bean. Alternatively, consider using the UserDetailsService in a manually instantiated DaoAuthenticationProvider. If the current configuration is intentional, to turn off this warning, increase the logging level of 'org.springframework.security.config.annotation.authentication.configuration.InitializeUserDetailsBeanManagerConfigurer' to ERROR
2025-05-30 20:12:45.809 [main] INFO  o.s.d.j.r.query.QueryEnhancerFactory [,] - Hibernate is in classpath; If applicable, HQL parser will be used.
2025-05-30 20:12:46.384 [main] WARN  o.s.b.a.o.j.JpaBaseConfiguration$JpaWebConfiguration [,] - spring.jpa.open-in-view is enabled by default. Therefore, database queries may be performed during view rendering. Explicitly configure spring.jpa.open-in-view to disable this warning
2025-05-30 20:12:46.946 [main] INFO  o.a.coyote.http11.Http11NioProtocol [,] - Starting ProtocolHandler ["http-nio-8080"]
2025-05-30 20:12:46.971 [main] INFO  o.s.b.w.e.tomcat.TomcatWebServer [,] - Tomcat started on port 8080 (http) with context path '/'
2025-05-30 20:12:46.978 [main] INFO  com.greenacademy.Application [,] - Started Application in 8.705 seconds (process running for 9.829)
2025-05-30 20:30:06.145 [SpringApplicationShutdownHook] INFO  o.s.b.w.e.tomcat.GracefulShutdown [,] - Commencing graceful shutdown. Waiting for active requests to complete
2025-05-30 20:30:06.222 [tomcat-shutdown] INFO  o.s.b.w.e.tomcat.GracefulShutdown [,] - Graceful shutdown complete
2025-05-30 20:30:06.301 [SpringApplicationShutdownHook] INFO  o.s.o.j.LocalContainerEntityManagerFactoryBean [,] - Closing JPA EntityManagerFactory for persistence unit 'default'
2025-05-30 20:30:06.388 [SpringApplicationShutdownHook] INFO  com.zaxxer.hikari.HikariDataSource [,] - HikariPool-1 - Shutdown initiated...
2025-05-30 20:30:06.556 [SpringApplicationShutdownHook] INFO  com.zaxxer.hikari.HikariDataSource [,] - HikariPool-1 - Shutdown completed.
2025-05-30 20:30:14.949 [main] INFO  com.greenacademy.Application [,] - Starting Application using Java 21.0.6 with PID 12980 (D:\GA\TF-FRE-246E108\Java\SourceCode\Session26\target\classes started by light in D:\GA\TF-FRE-246E108\Java\SourceCode\Session26)
2025-05-30 20:30:14.951 [main] INFO  com.greenacademy.Application [,] - No active profile set, falling back to 1 default profile: "default"
2025-05-30 20:30:16.113 [main] INFO  o.s.d.r.c.RepositoryConfigurationDelegate [,] - Bootstrapping Spring Data JPA repositories in DEFAULT mode.
2025-05-30 20:30:16.216 [main] INFO  o.s.d.r.c.RepositoryConfigurationDelegate [,] - Finished Spring Data repository scanning in 89 ms. Found 2 JPA repository interfaces.
2025-05-30 20:30:16.938 [main] INFO  o.s.b.w.e.tomcat.TomcatWebServer [,] - Tomcat initialized with port 8080 (http)
2025-05-30 20:30:16.952 [main] INFO  o.a.coyote.http11.Http11NioProtocol [,] - Initializing ProtocolHandler ["http-nio-8080"]
2025-05-30 20:30:16.954 [main] INFO  o.a.catalina.core.StandardService [,] - Starting service [Tomcat]
2025-05-30 20:30:16.954 [main] INFO  o.a.catalina.core.StandardEngine [,] - Starting Servlet engine: [Apache Tomcat/10.1.41]
2025-05-30 20:30:17.015 [main] INFO  o.a.c.c.C.[Tomcat].[localhost].[/] [,] - Initializing Spring embedded WebApplicationContext
2025-05-30 20:30:17.016 [main] INFO  o.s.b.w.s.c.ServletWebServerApplicationContext [,] - Root WebApplicationContext: initialization completed in 1988 ms
2025-05-30 20:30:17.136 [main] INFO  com.zaxxer.hikari.HikariDataSource [,] - HikariPool-1 - Starting...
2025-05-30 20:30:17.711 [main] INFO  com.zaxxer.hikari.pool.HikariPool [,] - HikariPool-1 - Added connection com.mysql.cj.jdbc.ConnectionImpl@1515f782
2025-05-30 20:30:17.715 [main] INFO  com.zaxxer.hikari.HikariDataSource [,] - HikariPool-1 - Start completed.
2025-05-30 20:30:17.786 [main] INFO  o.h.jpa.internal.util.LogHelper [,] - HHH000204: Processing PersistenceUnitInfo [name: default]
2025-05-30 20:30:17.876 [main] INFO  org.hibernate.Version [,] - HHH000412: Hibernate ORM core version 6.6.15.Final
2025-05-30 20:30:17.940 [main] INFO  o.h.c.i.RegionFactoryInitiator [,] - HHH000026: Second-level cache disabled
2025-05-30 20:30:18.354 [main] INFO  o.s.o.j.p.SpringPersistenceUnitInfo [,] - No LoadTimeWeaver setup: ignoring JPA class transformer
2025-05-30 20:30:18.505 [main] INFO  o.hibernate.orm.connections.pooling [,] - HHH10001005: Database info:
	Database JDBC URL [Connecting through datasource 'HikariDataSource (HikariPool-1)']
	Database driver: undefined/unknown
	Database version: 8.0.20
	Autocommit mode: undefined/unknown
	Isolation level: undefined/unknown
	Minimum pool size: undefined/unknown
	Maximum pool size: undefined/unknown
2025-05-30 20:30:19.780 [main] INFO  o.h.e.t.j.p.i.JtaPlatformInitiator [,] - HHH000489: No JTA platform available (set 'hibernate.transaction.jta.platform' to enable JTA platform integration)
2025-05-30 20:30:19.783 [main] INFO  o.s.o.j.LocalContainerEntityManagerFactoryBean [,] - Initialized JPA EntityManagerFactory for persistence unit 'default'
2025-05-30 20:30:20.231 [main] INFO  o.s.s.c.a.a.c.InitializeAuthenticationProviderBeanManagerConfigurer$InitializeAuthenticationProviderManagerConfigurer [,] - Global AuthenticationManager configured with AuthenticationProvider bean with name authenticationProvider
2025-05-30 20:30:20.232 [main] WARN  o.s.s.c.a.a.c.InitializeUserDetailsBeanManagerConfigurer$InitializeUserDetailsManagerConfigurer [,] - Global AuthenticationManager configured with an AuthenticationProvider bean. UserDetailsService beans will not be used by Spring Security for automatically configuring username/password login. Consider removing the AuthenticationProvider bean. Alternatively, consider using the UserDetailsService in a manually instantiated DaoAuthenticationProvider. If the current configuration is intentional, to turn off this warning, increase the logging level of 'org.springframework.security.config.annotation.authentication.configuration.InitializeUserDetailsBeanManagerConfigurer' to ERROR
2025-05-30 20:30:20.285 [main] INFO  o.s.d.j.r.query.QueryEnhancerFactory [,] - Hibernate is in classpath; If applicable, HQL parser will be used.
2025-05-30 20:30:20.880 [main] WARN  o.s.b.a.o.j.JpaBaseConfiguration$JpaWebConfiguration [,] - spring.jpa.open-in-view is enabled by default. Therefore, database queries may be performed during view rendering. Explicitly configure spring.jpa.open-in-view to disable this warning
2025-05-30 20:30:21.490 [main] INFO  o.a.coyote.http11.Http11NioProtocol [,] - Starting ProtocolHandler ["http-nio-8080"]
2025-05-30 20:30:21.509 [main] INFO  o.s.b.w.e.tomcat.TomcatWebServer [,] - Tomcat started on port 8080 (http) with context path '/'
2025-05-30 20:30:21.516 [main] INFO  com.greenacademy.Application [,] - Started Application in 7.45 seconds (process running for 8.679)
2025-05-30 20:30:44.313 [http-nio-8080-exec-1] INFO  o.a.c.c.C.[Tomcat].[localhost].[/] [,] - Initializing Spring DispatcherServlet 'dispatcherServlet'
2025-05-30 20:30:44.314 [http-nio-8080-exec-1] INFO  o.s.web.servlet.DispatcherServlet [,] - Initializing Servlet 'dispatcherServlet'
2025-05-30 20:30:44.316 [http-nio-8080-exec-1] INFO  o.s.web.servlet.DispatcherServlet [,] - Completed initialization in 1 ms
2025-05-30 20:31:04.665 [http-nio-8080-exec-3] INFO  c.g.s.impl.AuthenticationServiceImpl [,] - [START] AuthenticationServiceImpl authenticate request=TokenRequest(username=admin@gmail.com, password=123456)
2025-05-30 20:31:05.269 [http-nio-8080-exec-3] INFO  com.greenacademy.config.LogAspect [,] - [EXECUTED] LogAspect com.greenacademy.service.impl.UserServiceImpl.loadUserByUsername executed in 486 ms
2025-05-30 20:31:06.004 [http-nio-8080-exec-3] INFO  c.g.s.impl.AuthenticationServiceImpl [,] - [END] AuthenticationServiceImpl authenticate response=TokenResponse(token=eyJhbGciOiJIUzI1NiJ9.eyJzdWIiOiJhZG1pbkBnbWFpbC5jb20iLCJpYXQiOjE3NDg2MTE4NjUsImV4cCI6MTc0ODYxMzY2NX0.cEzYITEu0x1VPm1aYw3lBYw-Y0MKi1BML5L6xu9aN4g, refreshToken=eyJhbGciOiJIUzI1NiJ9.eyJzdWIiOiJhZG1pbkBnbWFpbC5jb20iLCJpYXQiOjE3NDg2MTE4NjYsImV4cCI6MTc0OTA0Mzg2Nn0.rNl7Tjsm483Z4lmiVWSlIV46ciRB1PKmuP3Jvv_eZSg, expireTime=1748613666004)
2025-05-30 20:31:06.010 [http-nio-8080-exec-3] INFO  com.greenacademy.config.LogAspect [,] - [EXECUTED] LogAspect com.greenacademy.service.impl.AuthenticationServiceImpl.authenticate executed in 1345 ms
2025-05-30 20:31:06.013 [http-nio-8080-exec-3] INFO  com.greenacademy.config.LogAspect [,] - [EXECUTED] LogAspect com.greenacademy.api.AuthorizeApi.token executed in 1348 ms
2025-05-30 20:32:01.655 [http-nio-8080-exec-6] INFO  com.greenacademy.config.LogAspect [,] - [EXECUTED] LogAspect com.greenacademy.service.impl.UserServiceImpl.loadUserByUsername executed in 47 ms
2025-05-30 20:32:01.677 [http-nio-8080-exec-6] INFO  c.g.service.impl.CategoryServiceImpl [,] - [START] CategoryServiceImpl findAll
2025-05-30 20:32:01.805 [http-nio-8080-exec-6] INFO  c.g.service.impl.CategoryServiceImpl [,] - [END] CategoryServiceImpl findAll response=[CategoryResponse(id=1, name=Danh mục 1), CategoryResponse(id=10, name=Danh mục 10), CategoryResponse(id=11, name=Danh mục 11), CategoryResponse(id=12, name=Danh mục 12), CategoryResponse(id=13, name=Danh mục 13), CategoryResponse(id=14, name=Danh mục 14), CategoryResponse(id=15, name=Danh mục 15), CategoryResponse(id=2, name=Danh mục 2), CategoryResponse(id=3, name=Danh mục 3), CategoryResponse(id=4, name=Danh mục 4), CategoryResponse(id=5, name=Danh mục 5), CategoryResponse(id=6, name=Danh mục 6), CategoryResponse(id=7, name=Danh mục 7), CategoryResponse(id=8, name=Danh mục 8), CategoryResponse(id=9, name=Danh mục 9), CategoryResponse(id=18, name=Danh mục React 2), CategoryResponse(id=17, name=Danh mục ReactJS)]
2025-05-30 20:32:01.806 [http-nio-8080-exec-6] INFO  com.greenacademy.config.LogAspect [,] - [EXECUTED] LogAspect com.greenacademy.service.impl.CategoryServiceImpl.findAll executed in 129 ms
2025-05-30 20:32:01.806 [http-nio-8080-exec-6] INFO  com.greenacademy.config.LogAspect [,] - [EXECUTED] LogAspect com.greenacademy.api.CategoryApi.list executed in 129 ms
2025-05-30 20:33:50.870 [SpringApplicationShutdownHook] INFO  o.s.b.w.e.tomcat.GracefulShutdown [,] - Commencing graceful shutdown. Waiting for active requests to complete
2025-05-30 20:33:50.878 [tomcat-shutdown] INFO  o.s.b.w.e.tomcat.GracefulShutdown [,] - Graceful shutdown complete
2025-05-30 20:33:50.884 [SpringApplicationShutdownHook] INFO  o.s.o.j.LocalContainerEntityManagerFactoryBean [,] - Closing JPA EntityManagerFactory for persistence unit 'default'
2025-05-30 20:33:50.887 [SpringApplicationShutdownHook] INFO  com.zaxxer.hikari.HikariDataSource [,] - HikariPool-1 - Shutdown initiated...
2025-05-30 20:33:50.899 [SpringApplicationShutdownHook] INFO  com.zaxxer.hikari.HikariDataSource [,] - HikariPool-1 - Shutdown completed.
2025-05-30 20:34:26.421 [main] INFO  com.greenacademy.Application [,] - Starting Application using Java 21.0.6 with PID 22368 (D:\GA\TF-FRE-246E108\Java\SourceCode\Session26\target\classes started by light in D:\GA\TF-FRE-246E108\Java\SourceCode\Session26)
2025-05-30 20:34:26.504 [main] INFO  com.greenacademy.Application [,] - No active profile set, falling back to 1 default profile: "default"
2025-05-30 20:34:27.412 [main] INFO  o.s.d.r.c.RepositoryConfigurationDelegate [,] - Bootstrapping Spring Data JPA repositories in DEFAULT mode.
2025-05-30 20:34:27.507 [main] INFO  o.s.d.r.c.RepositoryConfigurationDelegate [,] - Finished Spring Data repository scanning in 82 ms. Found 2 JPA repository interfaces.
2025-05-30 20:34:28.300 [main] INFO  o.s.b.w.e.tomcat.TomcatWebServer [,] - Tomcat initialized with port 8080 (http)
2025-05-30 20:34:28.315 [main] INFO  o.a.coyote.http11.Http11NioProtocol [,] - Initializing ProtocolHandler ["http-nio-8080"]
2025-05-30 20:34:28.318 [main] INFO  o.a.catalina.core.StandardService [,] - Starting service [Tomcat]
2025-05-30 20:34:28.318 [main] INFO  o.a.catalina.core.StandardEngine [,] - Starting Servlet engine: [Apache Tomcat/10.1.41]
2025-05-30 20:34:28.385 [main] INFO  o.a.c.c.C.[Tomcat].[localhost].[/] [,] - Initializing Spring embedded WebApplicationContext
2025-05-30 20:34:28.386 [main] INFO  o.s.b.w.s.c.ServletWebServerApplicationContext [,] - Root WebApplicationContext: initialization completed in 1825 ms
2025-05-30 20:34:28.551 [main] INFO  com.zaxxer.hikari.HikariDataSource [,] - HikariPool-1 - Starting...
2025-05-30 20:34:29.129 [main] INFO  com.zaxxer.hikari.pool.HikariPool [,] - HikariPool-1 - Added connection com.mysql.cj.jdbc.ConnectionImpl@7e38e254
2025-05-30 20:34:29.133 [main] INFO  com.zaxxer.hikari.HikariDataSource [,] - HikariPool-1 - Start completed.
2025-05-30 20:34:29.198 [main] INFO  o.h.jpa.internal.util.LogHelper [,] - HHH000204: Processing PersistenceUnitInfo [name: default]
2025-05-30 20:34:29.319 [main] INFO  org.hibernate.Version [,] - HHH000412: Hibernate ORM core version 6.6.15.Final
2025-05-30 20:34:29.410 [main] INFO  o.h.c.i.RegionFactoryInitiator [,] - HHH000026: Second-level cache disabled
2025-05-30 20:34:29.844 [main] INFO  o.s.o.j.p.SpringPersistenceUnitInfo [,] - No LoadTimeWeaver setup: ignoring JPA class transformer
2025-05-30 20:34:30.001 [main] INFO  o.hibernate.orm.connections.pooling [,] - HHH10001005: Database info:
	Database JDBC URL [Connecting through datasource 'HikariDataSource (HikariPool-1)']
	Database driver: undefined/unknown
	Database version: 8.0.20
	Autocommit mode: undefined/unknown
	Isolation level: undefined/unknown
	Minimum pool size: undefined/unknown
	Maximum pool size: undefined/unknown
2025-05-30 20:34:31.320 [main] INFO  o.h.e.t.j.p.i.JtaPlatformInitiator [,] - HHH000489: No JTA platform available (set 'hibernate.transaction.jta.platform' to enable JTA platform integration)
2025-05-30 20:34:31.325 [main] INFO  o.s.o.j.LocalContainerEntityManagerFactoryBean [,] - Initialized JPA EntityManagerFactory for persistence unit 'default'
2025-05-30 20:34:31.921 [main] INFO  o.s.s.c.a.a.c.InitializeAuthenticationProviderBeanManagerConfigurer$InitializeAuthenticationProviderManagerConfigurer [,] - Global AuthenticationManager configured with AuthenticationProvider bean with name authenticationProvider
2025-05-30 20:34:31.922 [main] WARN  o.s.s.c.a.a.c.InitializeUserDetailsBeanManagerConfigurer$InitializeUserDetailsManagerConfigurer [,] - Global AuthenticationManager configured with an AuthenticationProvider bean. UserDetailsService beans will not be used by Spring Security for automatically configuring username/password login. Consider removing the AuthenticationProvider bean. Alternatively, consider using the UserDetailsService in a manually instantiated DaoAuthenticationProvider. If the current configuration is intentional, to turn off this warning, increase the logging level of 'org.springframework.security.config.annotation.authentication.configuration.InitializeUserDetailsBeanManagerConfigurer' to ERROR
2025-05-30 20:34:31.978 [main] INFO  o.s.d.j.r.query.QueryEnhancerFactory [,] - Hibernate is in classpath; If applicable, HQL parser will be used.
2025-05-30 20:34:32.657 [main] WARN  o.s.b.a.o.j.JpaBaseConfiguration$JpaWebConfiguration [,] - spring.jpa.open-in-view is enabled by default. Therefore, database queries may be performed during view rendering. Explicitly configure spring.jpa.open-in-view to disable this warning
2025-05-30 20:34:33.425 [main] INFO  o.a.coyote.http11.Http11NioProtocol [,] - Starting ProtocolHandler ["http-nio-8080"]
2025-05-30 20:34:33.449 [main] INFO  o.s.b.w.e.tomcat.TomcatWebServer [,] - Tomcat started on port 8080 (http) with context path '/'
2025-05-30 20:34:33.457 [main] INFO  com.greenacademy.Application [,] - Started Application in 7.872 seconds (process running for 9.558)
2025-05-30 20:34:40.370 [http-nio-8080-exec-2] INFO  o.a.c.c.C.[Tomcat].[localhost].[/] [,] - Initializing Spring DispatcherServlet 'dispatcherServlet'
2025-05-30 20:34:40.371 [http-nio-8080-exec-2] INFO  o.s.web.servlet.DispatcherServlet [,] - Initializing Servlet 'dispatcherServlet'
2025-05-30 20:34:40.372 [http-nio-8080-exec-2] INFO  o.s.web.servlet.DispatcherServlet [,] - Completed initialization in 1 ms
2025-05-30 20:34:40.886 [http-nio-8080-exec-2] INFO  com.greenacademy.config.LogAspect [,] - [EXECUTED] LogAspect com.greenacademy.service.impl.UserServiceImpl.loadUserByUsername executed in 254 ms
2025-05-30 20:34:40.964 [http-nio-8080-exec-2] INFO  c.g.service.impl.CategoryServiceImpl [,] - [START] CategoryServiceImpl findAll
2025-05-30 20:34:41.067 [http-nio-8080-exec-2] INFO  c.g.service.impl.CategoryServiceImpl [,] - [END] CategoryServiceImpl findAll response=[CategoryResponse(id=1, name=Danh mục 1), CategoryResponse(id=10, name=Danh mục 10), CategoryResponse(id=11, name=Danh mục 11), CategoryResponse(id=12, name=Danh mục 12), CategoryResponse(id=13, name=Danh mục 13), CategoryResponse(id=14, name=Danh mục 14), CategoryResponse(id=15, name=Danh mục 15), CategoryResponse(id=2, name=Danh mục 2), CategoryResponse(id=3, name=Danh mục 3), CategoryResponse(id=4, name=Danh mục 4), CategoryResponse(id=5, name=Danh mục 5), CategoryResponse(id=6, name=Danh mục 6), CategoryResponse(id=7, name=Danh mục 7), CategoryResponse(id=8, name=Danh mục 8), CategoryResponse(id=9, name=Danh mục 9), CategoryResponse(id=18, name=Danh mục React 2), CategoryResponse(id=17, name=Danh mục ReactJS)]
2025-05-30 20:34:41.068 [http-nio-8080-exec-2] INFO  com.greenacademy.config.LogAspect [,] - [EXECUTED] LogAspect com.greenacademy.service.impl.CategoryServiceImpl.findAll executed in 104 ms
2025-05-30 20:34:41.069 [http-nio-8080-exec-2] INFO  com.greenacademy.config.LogAspect [,] - [EXECUTED] LogAspect com.greenacademy.api.CategoryApi.list executed in 105 ms
2025-05-30 20:38:30.993 [SpringApplicationShutdownHook] INFO  o.s.b.w.e.tomcat.GracefulShutdown [,] - Commencing graceful shutdown. Waiting for active requests to complete
2025-05-30 20:38:31.567 [tomcat-shutdown] INFO  o.s.b.w.e.tomcat.GracefulShutdown [,] - Graceful shutdown complete
2025-05-30 20:38:31.657 [SpringApplicationShutdownHook] INFO  o.s.o.j.LocalContainerEntityManagerFactoryBean [,] - Closing JPA EntityManagerFactory for persistence unit 'default'
2025-05-30 20:38:31.725 [SpringApplicationShutdownHook] INFO  com.zaxxer.hikari.HikariDataSource [,] - HikariPool-1 - Shutdown initiated...
2025-05-30 20:38:31.814 [SpringApplicationShutdownHook] INFO  com.zaxxer.hikari.HikariDataSource [,] - HikariPool-1 - Shutdown completed.
2025-05-30 20:38:41.259 [main] INFO  com.greenacademy.Application [,] - Starting Application using Java 21.0.6 with PID 18752 (D:\GA\TF-FRE-246E108\Java\SourceCode\Session26\target\classes started by light in D:\GA\TF-FRE-246E108\Java\SourceCode\Session26)
2025-05-30 20:38:41.262 [main] INFO  com.greenacademy.Application [,] - No active profile set, falling back to 1 default profile: "default"
2025-05-30 20:38:42.477 [main] INFO  o.s.d.r.c.RepositoryConfigurationDelegate [,] - Bootstrapping Spring Data JPA repositories in DEFAULT mode.
2025-05-30 20:38:42.572 [main] INFO  o.s.d.r.c.RepositoryConfigurationDelegate [,] - Finished Spring Data repository scanning in 85 ms. Found 2 JPA repository interfaces.
2025-05-30 20:38:43.822 [main] INFO  o.s.b.w.e.tomcat.TomcatWebServer [,] - Tomcat initialized with port 8080 (http)
2025-05-30 20:38:43.847 [main] INFO  o.a.coyote.http11.Http11NioProtocol [,] - Initializing ProtocolHandler ["http-nio-8080"]
2025-05-30 20:38:43.850 [main] INFO  o.a.catalina.core.StandardService [,] - Starting service [Tomcat]
2025-05-30 20:38:43.850 [main] INFO  o.a.catalina.core.StandardEngine [,] - Starting Servlet engine: [Apache Tomcat/10.1.41]
2025-05-30 20:38:43.932 [main] INFO  o.a.c.c.C.[Tomcat].[localhost].[/] [,] - Initializing Spring embedded WebApplicationContext
2025-05-30 20:38:43.933 [main] INFO  o.s.b.w.s.c.ServletWebServerApplicationContext [,] - Root WebApplicationContext: initialization completed in 2594 ms
2025-05-30 20:38:44.208 [main] INFO  com.zaxxer.hikari.HikariDataSource [,] - HikariPool-1 - Starting...
2025-05-30 20:38:44.907 [main] INFO  com.zaxxer.hikari.pool.HikariPool [,] - HikariPool-1 - Added connection com.mysql.cj.jdbc.ConnectionImpl@21a9f95b
2025-05-30 20:38:44.912 [main] INFO  com.zaxxer.hikari.HikariDataSource [,] - HikariPool-1 - Start completed.
2025-05-30 20:38:45.050 [main] INFO  o.h.jpa.internal.util.LogHelper [,] - HHH000204: Processing PersistenceUnitInfo [name: default]
2025-05-30 20:38:45.212 [main] INFO  org.hibernate.Version [,] - HHH000412: Hibernate ORM core version 6.6.15.Final
2025-05-30 20:38:45.264 [main] INFO  o.h.c.i.RegionFactoryInitiator [,] - HHH000026: Second-level cache disabled
2025-05-30 20:38:45.771 [main] INFO  o.s.o.j.p.SpringPersistenceUnitInfo [,] - No LoadTimeWeaver setup: ignoring JPA class transformer
2025-05-30 20:38:45.930 [main] INFO  o.hibernate.orm.connections.pooling [,] - HHH10001005: Database info:
	Database JDBC URL [Connecting through datasource 'HikariDataSource (HikariPool-1)']
	Database driver: undefined/unknown
	Database version: 8.0.20
	Autocommit mode: undefined/unknown
	Isolation level: undefined/unknown
	Minimum pool size: undefined/unknown
	Maximum pool size: undefined/unknown
2025-05-30 20:38:47.312 [main] INFO  o.h.e.t.j.p.i.JtaPlatformInitiator [,] - HHH000489: No JTA platform available (set 'hibernate.transaction.jta.platform' to enable JTA platform integration)
2025-05-30 20:38:47.317 [main] INFO  o.s.o.j.LocalContainerEntityManagerFactoryBean [,] - Initialized JPA EntityManagerFactory for persistence unit 'default'
2025-05-30 20:38:47.891 [main] INFO  o.s.s.c.a.a.c.InitializeAuthenticationProviderBeanManagerConfigurer$InitializeAuthenticationProviderManagerConfigurer [,] - Global AuthenticationManager configured with AuthenticationProvider bean with name authenticationProvider
2025-05-30 20:38:47.892 [main] WARN  o.s.s.c.a.a.c.InitializeUserDetailsBeanManagerConfigurer$InitializeUserDetailsManagerConfigurer [,] - Global AuthenticationManager configured with an AuthenticationProvider bean. UserDetailsService beans will not be used by Spring Security for automatically configuring username/password login. Consider removing the AuthenticationProvider bean. Alternatively, consider using the UserDetailsService in a manually instantiated DaoAuthenticationProvider. If the current configuration is intentional, to turn off this warning, increase the logging level of 'org.springframework.security.config.annotation.authentication.configuration.InitializeUserDetailsBeanManagerConfigurer' to ERROR
2025-05-30 20:38:47.957 [main] INFO  o.s.d.j.r.query.QueryEnhancerFactory [,] - Hibernate is in classpath; If applicable, HQL parser will be used.
2025-05-30 20:38:48.712 [main] WARN  o.s.b.a.o.j.JpaBaseConfiguration$JpaWebConfiguration [,] - spring.jpa.open-in-view is enabled by default. Therefore, database queries may be performed during view rendering. Explicitly configure spring.jpa.open-in-view to disable this warning
2025-05-30 20:38:49.682 [main] INFO  o.a.coyote.http11.Http11NioProtocol [,] - Starting ProtocolHandler ["http-nio-8080"]
2025-05-30 20:38:49.708 [main] INFO  o.s.b.w.e.tomcat.TomcatWebServer [,] - Tomcat started on port 8080 (http) with context path '/'
2025-05-30 20:38:49.717 [main] INFO  com.greenacademy.Application [,] - Started Application in 9.447 seconds (process running for 11.694)
2025-05-30 20:43:43.504 [SpringApplicationShutdownHook] INFO  o.s.b.w.e.tomcat.GracefulShutdown [,] - Commencing graceful shutdown. Waiting for active requests to complete
2025-05-30 20:43:43.576 [tomcat-shutdown] INFO  o.s.b.w.e.tomcat.GracefulShutdown [,] - Graceful shutdown complete
2025-05-30 20:43:43.654 [SpringApplicationShutdownHook] INFO  o.s.o.j.LocalContainerEntityManagerFactoryBean [,] - Closing JPA EntityManagerFactory for persistence unit 'default'
2025-05-30 20:43:43.743 [SpringApplicationShutdownHook] INFO  com.zaxxer.hikari.HikariDataSource [,] - HikariPool-1 - Shutdown initiated...
2025-05-30 20:43:43.903 [SpringApplicationShutdownHook] INFO  com.zaxxer.hikari.HikariDataSource [,] - HikariPool-1 - Shutdown completed.
2025-05-30 20:43:51.046 [main] INFO  com.greenacademy.Application [,] - Starting Application using Java 21.0.6 with PID 7376 (D:\GA\TF-FRE-246E108\Java\SourceCode\Session26\target\classes started by light in D:\GA\TF-FRE-246E108\Java\SourceCode\Session26)
2025-05-30 20:43:51.048 [main] INFO  com.greenacademy.Application [,] - No active profile set, falling back to 1 default profile: "default"
2025-05-30 20:43:52.189 [main] INFO  o.s.d.r.c.RepositoryConfigurationDelegate [,] - Bootstrapping Spring Data JPA repositories in DEFAULT mode.
2025-05-30 20:43:52.278 [main] INFO  o.s.d.r.c.RepositoryConfigurationDelegate [,] - Finished Spring Data repository scanning in 78 ms. Found 2 JPA repository interfaces.
2025-05-30 20:43:53.121 [main] INFO  o.s.b.w.e.tomcat.TomcatWebServer [,] - Tomcat initialized with port 8080 (http)
2025-05-30 20:43:53.135 [main] INFO  o.a.coyote.http11.Http11NioProtocol [,] - Initializing ProtocolHandler ["http-nio-8080"]
2025-05-30 20:43:53.137 [main] INFO  o.a.catalina.core.StandardService [,] - Starting service [Tomcat]
2025-05-30 20:43:53.138 [main] INFO  o.a.catalina.core.StandardEngine [,] - Starting Servlet engine: [Apache Tomcat/10.1.41]
2025-05-30 20:43:53.204 [main] INFO  o.a.c.c.C.[Tomcat].[localhost].[/] [,] - Initializing Spring embedded WebApplicationContext
2025-05-30 20:43:53.205 [main] INFO  o.s.b.w.s.c.ServletWebServerApplicationContext [,] - Root WebApplicationContext: initialization completed in 2086 ms
2025-05-30 20:43:53.347 [main] INFO  com.zaxxer.hikari.HikariDataSource [,] - HikariPool-1 - Starting...
2025-05-30 20:43:53.943 [main] INFO  com.zaxxer.hikari.pool.HikariPool [,] - HikariPool-1 - Added connection com.mysql.cj.jdbc.ConnectionImpl@2e40fdbd
2025-05-30 20:43:53.946 [main] INFO  com.zaxxer.hikari.HikariDataSource [,] - HikariPool-1 - Start completed.
2025-05-30 20:43:53.998 [main] INFO  o.h.jpa.internal.util.LogHelper [,] - HHH000204: Processing PersistenceUnitInfo [name: default]
2025-05-30 20:43:54.124 [main] INFO  org.hibernate.Version [,] - HHH000412: Hibernate ORM core version 6.6.15.Final
2025-05-30 20:43:54.210 [main] INFO  o.h.c.i.RegionFactoryInitiator [,] - HHH000026: Second-level cache disabled
2025-05-30 20:43:54.671 [main] INFO  o.s.o.j.p.SpringPersistenceUnitInfo [,] - No LoadTimeWeaver setup: ignoring JPA class transformer
2025-05-30 20:43:54.824 [main] INFO  o.hibernate.orm.connections.pooling [,] - HHH10001005: Database info:
	Database JDBC URL [Connecting through datasource 'HikariDataSource (HikariPool-1)']
	Database driver: undefined/unknown
	Database version: 8.0.20
	Autocommit mode: undefined/unknown
	Isolation level: undefined/unknown
	Minimum pool size: undefined/unknown
	Maximum pool size: undefined/unknown
2025-05-30 20:43:56.215 [main] INFO  o.h.e.t.j.p.i.JtaPlatformInitiator [,] - HHH000489: No JTA platform available (set 'hibernate.transaction.jta.platform' to enable JTA platform integration)
2025-05-30 20:43:56.221 [main] INFO  o.s.o.j.LocalContainerEntityManagerFactoryBean [,] - Initialized JPA EntityManagerFactory for persistence unit 'default'
2025-05-30 20:43:56.819 [main] INFO  o.s.s.c.a.a.c.InitializeAuthenticationProviderBeanManagerConfigurer$InitializeAuthenticationProviderManagerConfigurer [,] - Global AuthenticationManager configured with AuthenticationProvider bean with name authenticationProvider
2025-05-30 20:43:56.819 [main] WARN  o.s.s.c.a.a.c.InitializeUserDetailsBeanManagerConfigurer$InitializeUserDetailsManagerConfigurer [,] - Global AuthenticationManager configured with an AuthenticationProvider bean. UserDetailsService beans will not be used by Spring Security for automatically configuring username/password login. Consider removing the AuthenticationProvider bean. Alternatively, consider using the UserDetailsService in a manually instantiated DaoAuthenticationProvider. If the current configuration is intentional, to turn off this warning, increase the logging level of 'org.springframework.security.config.annotation.authentication.configuration.InitializeUserDetailsBeanManagerConfigurer' to ERROR
2025-05-30 20:43:56.872 [main] INFO  o.s.d.j.r.query.QueryEnhancerFactory [,] - Hibernate is in classpath; If applicable, HQL parser will be used.
2025-05-30 20:43:57.532 [main] WARN  o.s.b.a.o.j.JpaBaseConfiguration$JpaWebConfiguration [,] - spring.jpa.open-in-view is enabled by default. Therefore, database queries may be performed during view rendering. Explicitly configure spring.jpa.open-in-view to disable this warning
2025-05-30 20:43:58.266 [main] INFO  o.a.coyote.http11.Http11NioProtocol [,] - Starting ProtocolHandler ["http-nio-8080"]
2025-05-30 20:43:58.289 [main] INFO  o.s.b.w.e.tomcat.TomcatWebServer [,] - Tomcat started on port 8080 (http) with context path '/'
2025-05-30 20:43:58.296 [main] INFO  com.greenacademy.Application [,] - Started Application in 8.171 seconds (process running for 9.525)
2025-05-30 20:44:03.756 [http-nio-8080-exec-2] INFO  o.a.c.c.C.[Tomcat].[localhost].[/] [,] - Initializing Spring DispatcherServlet 'dispatcherServlet'
2025-05-30 20:44:03.757 [http-nio-8080-exec-2] INFO  o.s.web.servlet.DispatcherServlet [,] - Initializing Servlet 'dispatcherServlet'
2025-05-30 20:44:03.759 [http-nio-8080-exec-2] INFO  o.s.web.servlet.DispatcherServlet [,] - Completed initialization in 2 ms
2025-05-30 20:44:04.487 [http-nio-8080-exec-2] INFO  com.greenacademy.config.LogAspect [,] - [EXECUTED] LogAspect com.greenacademy.service.impl.UserServiceImpl.loadUserByUsername executed in 415 ms
2025-05-30 20:44:04.593 [http-nio-8080-exec-2] INFO  c.g.service.impl.CategoryServiceImpl [58ec7612-a343-4892-902a-875c946f2f70,] - [START] CategoryServiceImpl findAll
2025-05-30 20:44:04.667 [http-nio-8080-exec-2] INFO  c.g.service.impl.CategoryServiceImpl [58ec7612-a343-4892-902a-875c946f2f70,] - [END] CategoryServiceImpl findAll response=[CategoryResponse(id=1, name=Danh mục 1), CategoryResponse(id=10, name=Danh mục 10), CategoryResponse(id=11, name=Danh mục 11), CategoryResponse(id=12, name=Danh mục 12), CategoryResponse(id=13, name=Danh mục 13), CategoryResponse(id=14, name=Danh mục 14), CategoryResponse(id=15, name=Danh mục 15), CategoryResponse(id=2, name=Danh mục 2), CategoryResponse(id=3, name=Danh mục 3), CategoryResponse(id=4, name=Danh mục 4), CategoryResponse(id=5, name=Danh mục 5), CategoryResponse(id=6, name=Danh mục 6), CategoryResponse(id=7, name=Danh mục 7), CategoryResponse(id=8, name=Danh mục 8), CategoryResponse(id=9, name=Danh mục 9), CategoryResponse(id=18, name=Danh mục React 2), CategoryResponse(id=17, name=Danh mục ReactJS)]
2025-05-30 20:44:04.668 [http-nio-8080-exec-2] INFO  com.greenacademy.config.LogAspect [58ec7612-a343-4892-902a-875c946f2f70,] - [EXECUTED] LogAspect com.greenacademy.service.impl.CategoryServiceImpl.findAll executed in 75 ms
2025-05-30 20:44:04.668 [http-nio-8080-exec-2] INFO  com.greenacademy.config.LogAspect [58ec7612-a343-4892-902a-875c946f2f70,] - [EXECUTED] LogAspect com.greenacademy.api.CategoryApi.list executed in 75 ms
2025-05-30 20:46:31.226 [SpringApplicationShutdownHook] INFO  o.s.b.w.e.tomcat.GracefulShutdown [,] - Commencing graceful shutdown. Waiting for active requests to complete
2025-05-30 20:46:31.249 [tomcat-shutdown] INFO  o.s.b.w.e.tomcat.GracefulShutdown [,] - Graceful shutdown complete
2025-05-30 20:46:31.268 [SpringApplicationShutdownHook] INFO  o.s.o.j.LocalContainerEntityManagerFactoryBean [,] - Closing JPA EntityManagerFactory for persistence unit 'default'
2025-05-30 20:46:31.307 [SpringApplicationShutdownHook] INFO  com.zaxxer.hikari.HikariDataSource [,] - HikariPool-1 - Shutdown initiated...
2025-05-30 20:46:31.339 [SpringApplicationShutdownHook] INFO  com.zaxxer.hikari.HikariDataSource [,] - HikariPool-1 - Shutdown completed.
2025-05-30 20:46:38.193 [main] INFO  com.greenacademy.Application [] - Starting Application using Java 21.0.6 with PID 18220 (D:\GA\TF-FRE-246E108\Java\SourceCode\Session26\target\classes started by light in D:\GA\TF-FRE-246E108\Java\SourceCode\Session26)
2025-05-30 20:46:38.195 [main] INFO  com.greenacademy.Application [] - No active profile set, falling back to 1 default profile: "default"
2025-05-30 20:46:39.262 [main] INFO  o.s.d.r.c.RepositoryConfigurationDelegate [] - Bootstrapping Spring Data JPA repositories in DEFAULT mode.
2025-05-30 20:46:39.344 [main] INFO  o.s.d.r.c.RepositoryConfigurationDelegate [] - Finished Spring Data repository scanning in 71 ms. Found 2 JPA repository interfaces.
2025-05-30 20:46:40.121 [main] INFO  o.s.b.w.e.tomcat.TomcatWebServer [] - Tomcat initialized with port 8080 (http)
2025-05-30 20:46:40.135 [main] INFO  o.a.coyote.http11.Http11NioProtocol [] - Initializing ProtocolHandler ["http-nio-8080"]
2025-05-30 20:46:40.137 [main] INFO  o.a.catalina.core.StandardService [] - Starting service [Tomcat]
2025-05-30 20:46:40.137 [main] INFO  o.a.catalina.core.StandardEngine [] - Starting Servlet engine: [Apache Tomcat/10.1.41]
2025-05-30 20:46:40.207 [main] INFO  o.a.c.c.C.[Tomcat].[localhost].[/] [] - Initializing Spring embedded WebApplicationContext
2025-05-30 20:46:40.207 [main] INFO  o.s.b.w.s.c.ServletWebServerApplicationContext [] - Root WebApplicationContext: initialization completed in 1935 ms
2025-05-30 20:46:40.362 [main] INFO  com.zaxxer.hikari.HikariDataSource [] - HikariPool-1 - Starting...
2025-05-30 20:46:40.913 [main] INFO  com.zaxxer.hikari.pool.HikariPool [] - HikariPool-1 - Added connection com.mysql.cj.jdbc.ConnectionImpl@1de08775
2025-05-30 20:46:40.917 [main] INFO  com.zaxxer.hikari.HikariDataSource [] - HikariPool-1 - Start completed.
2025-05-30 20:46:40.969 [main] INFO  o.h.jpa.internal.util.LogHelper [] - HHH000204: Processing PersistenceUnitInfo [name: default]
2025-05-30 20:46:41.058 [main] INFO  org.hibernate.Version [] - HHH000412: Hibernate ORM core version 6.6.15.Final
2025-05-30 20:46:41.116 [main] INFO  o.h.c.i.RegionFactoryInitiator [] - HHH000026: Second-level cache disabled
2025-05-30 20:46:41.640 [main] INFO  o.s.o.j.p.SpringPersistenceUnitInfo [] - No LoadTimeWeaver setup: ignoring JPA class transformer
2025-05-30 20:46:41.818 [main] INFO  o.hibernate.orm.connections.pooling [] - HHH10001005: Database info:
	Database JDBC URL [Connecting through datasource 'HikariDataSource (HikariPool-1)']
	Database driver: undefined/unknown
	Database version: 8.0.20
	Autocommit mode: undefined/unknown
	Isolation level: undefined/unknown
	Minimum pool size: undefined/unknown
	Maximum pool size: undefined/unknown
2025-05-30 20:46:43.347 [main] INFO  o.h.e.t.j.p.i.JtaPlatformInitiator [] - HHH000489: No JTA platform available (set 'hibernate.transaction.jta.platform' to enable JTA platform integration)
2025-05-30 20:46:43.352 [main] INFO  o.s.o.j.LocalContainerEntityManagerFactoryBean [] - Initialized JPA EntityManagerFactory for persistence unit 'default'
2025-05-30 20:46:43.926 [main] INFO  o.s.s.c.a.a.c.InitializeAuthenticationProviderBeanManagerConfigurer$InitializeAuthenticationProviderManagerConfigurer [] - Global AuthenticationManager configured with AuthenticationProvider bean with name authenticationProvider
2025-05-30 20:46:43.927 [main] WARN  o.s.s.c.a.a.c.InitializeUserDetailsBeanManagerConfigurer$InitializeUserDetailsManagerConfigurer [] - Global AuthenticationManager configured with an AuthenticationProvider bean. UserDetailsService beans will not be used by Spring Security for automatically configuring username/password login. Consider removing the AuthenticationProvider bean. Alternatively, consider using the UserDetailsService in a manually instantiated DaoAuthenticationProvider. If the current configuration is intentional, to turn off this warning, increase the logging level of 'org.springframework.security.config.annotation.authentication.configuration.InitializeUserDetailsBeanManagerConfigurer' to ERROR
2025-05-30 20:46:43.997 [main] INFO  o.s.d.j.r.query.QueryEnhancerFactory [] - Hibernate is in classpath; If applicable, HQL parser will be used.
2025-05-30 20:46:44.752 [main] WARN  o.s.b.a.o.j.JpaBaseConfiguration$JpaWebConfiguration [] - spring.jpa.open-in-view is enabled by default. Therefore, database queries may be performed during view rendering. Explicitly configure spring.jpa.open-in-view to disable this warning
2025-05-30 20:46:45.490 [main] INFO  o.a.coyote.http11.Http11NioProtocol [] - Starting ProtocolHandler ["http-nio-8080"]
2025-05-30 20:46:45.516 [main] INFO  o.s.b.w.e.tomcat.TomcatWebServer [] - Tomcat started on port 8080 (http) with context path '/'
2025-05-30 20:46:45.524 [main] INFO  com.greenacademy.Application [] - Started Application in 8.215 seconds (process running for 9.683)
2025-05-30 20:46:57.711 [http-nio-8080-exec-1] INFO  o.a.c.c.C.[Tomcat].[localhost].[/] [] - Initializing Spring DispatcherServlet 'dispatcherServlet'
2025-05-30 20:46:57.712 [http-nio-8080-exec-1] INFO  o.s.web.servlet.DispatcherServlet [] - Initializing Servlet 'dispatcherServlet'
2025-05-30 20:46:57.713 [http-nio-8080-exec-1] INFO  o.s.web.servlet.DispatcherServlet [] - Completed initialization in 1 ms
2025-05-30 20:46:58.336 [http-nio-8080-exec-1] INFO  com.greenacademy.config.LogAspect [] - [EXECUTED] LogAspect com.greenacademy.service.impl.UserServiceImpl.loadUserByUsername executed in 346 ms
2025-05-30 20:46:58.454 [http-nio-8080-exec-1] INFO  c.g.service.impl.CategoryServiceImpl [f0de76b7a7c0] - [START] CategoryServiceImpl findAll
2025-05-30 20:46:58.534 [http-nio-8080-exec-1] INFO  c.g.service.impl.CategoryServiceImpl [f0de76b7a7c0] - [END] CategoryServiceImpl findAll response=[CategoryResponse(id=1, name=Danh mục 1), CategoryResponse(id=10, name=Danh mục 10), CategoryResponse(id=11, name=Danh mục 11), CategoryResponse(id=12, name=Danh mục 12), CategoryResponse(id=13, name=Danh mục 13), CategoryResponse(id=14, name=Danh mục 14), CategoryResponse(id=15, name=Danh mục 15), CategoryResponse(id=2, name=Danh mục 2), CategoryResponse(id=3, name=Danh mục 3), CategoryResponse(id=4, name=Danh mục 4), CategoryResponse(id=5, name=Danh mục 5), CategoryResponse(id=6, name=Danh mục 6), CategoryResponse(id=7, name=Danh mục 7), CategoryResponse(id=8, name=Danh mục 8), CategoryResponse(id=9, name=Danh mục 9), CategoryResponse(id=18, name=Danh mục React 2), CategoryResponse(id=17, name=Danh mục ReactJS)]
2025-05-30 20:46:58.535 [http-nio-8080-exec-1] INFO  com.greenacademy.config.LogAspect [f0de76b7a7c0] - [EXECUTED] LogAspect com.greenacademy.service.impl.CategoryServiceImpl.findAll executed in 81 ms
2025-05-30 20:46:58.535 [http-nio-8080-exec-1] INFO  com.greenacademy.config.LogAspect [f0de76b7a7c0] - [EXECUTED] LogAspect com.greenacademy.api.CategoryApi.list executed in 81 ms
2025-05-30 20:47:32.875 [http-nio-8080-exec-3] INFO  c.g.s.impl.AuthenticationServiceImpl [e681104a1d5f] - [START] AuthenticationServiceImpl authenticate request=TokenRequest(username=admin@gmail.com, password=123456)
2025-05-30 20:47:32.993 [http-nio-8080-exec-3] INFO  com.greenacademy.config.LogAspect [e681104a1d5f] - [EXECUTED] LogAspect com.greenacademy.service.impl.UserServiceImpl.loadUserByUsername executed in 12 ms
2025-05-30 20:47:33.444 [http-nio-8080-exec-3] INFO  c.g.s.impl.AuthenticationServiceImpl [e681104a1d5f] - [END] AuthenticationServiceImpl authenticate response=TokenResponse(token=eyJhbGciOiJIUzI1NiJ9.eyJzdWIiOiJhZG1pbkBnbWFpbC5jb20iLCJpYXQiOjE3NDg2MTI4NTMsImV4cCI6MTc0ODYxNDY1M30.tyYKq5laaYsKndTOQiZVXgM9t0sdspbxQ-ZlBX4C9l8, refreshToken=eyJhbGciOiJIUzI1NiJ9.eyJzdWIiOiJhZG1pbkBnbWFpbC5jb20iLCJpYXQiOjE3NDg2MTI4NTMsImV4cCI6MTc0OTA0NDg1M30.3FC5__BvQgkhEJxjKFkkw8yAMTKf76ksOaxefU50UNw, expireTime=1748614653444)
2025-05-30 20:47:33.454 [http-nio-8080-exec-3] INFO  com.greenacademy.config.LogAspect [e681104a1d5f] - [EXECUTED] LogAspect com.greenacademy.service.impl.AuthenticationServiceImpl.authenticate executed in 579 ms
2025-05-30 20:47:33.456 [http-nio-8080-exec-3] INFO  com.greenacademy.config.LogAspect [e681104a1d5f] - [EXECUTED] LogAspect com.greenacademy.api.AuthorizeApi.token executed in 581 ms
